2021-02-11 13:51:45.6879|| [ERROR]
 CallProcess: SyncImages.ProcessFiles.CallBatchNoArgsAsync
Message: System.ComponentModel.Win32Exception (0x80004005): The system cannot find the file specified
   at System.Diagnostics.Process.StartWithShellExecuteEx(ProcessStartInfo startInfo)
   at System.Diagnostics.Process.Start()
   at SyncImages.ProcessFiles.CallBatchNoArgsAsync(String batch) in C:\Development\SyncImagesDotNet\SyncImages\SyncImages\ProcessFiles.cs:line 49System.ComponentModel.Win32Exception (0x80004005): The system cannot find the file specified
   at System.Diagnostics.Process.StartWithShellExecuteEx(ProcessStartInfo startInfo)
   at System.Diagnostics.Process.Start()
   at SyncImages.ProcessFiles.CallBatchNoArgsAsync(String batch) in C:\Development\SyncImagesDotNet\SyncImages\SyncImages\ProcessFiles.cs:line 49
-------

2021-02-11 13:53:48.5383|| [INFO]
 CallProcess: SyncImages.ProcessFiles+<ProcessFilesImages>d__10.MoveNext
Message: not thumb
-------

2021-02-11 13:53:54.0581|| [INFO]
 CallProcess: SyncImages.ProcessFiles+<ProcessFilesImages>d__10.MoveNext
Message: [{"name":"0.jpg","date":"2020-08-30T08:51:15.000Z"},{"name":"100.jpg","date":"2020-08-30T08:51:16.000Z"},{"name":"101.jpg","date":"2020-08-30T08:51:17.000Z"},{"name":"102.jpg","date":"2020-08-30T08:51:18.000Z"},{"name":"103.jpg","date":"2020-08-30T08:51:19.000Z"},{"name":"104.jpg","date":"2020-08-30T08:51:20.000Z"},{"name":"105.jpg","date":"2020-08-30T08:51:21.000Z"},{"name":"106.jpg","date":"2020-08-30T08:51:22.000Z"},{"name":"107.jpg","date":"2020-08-30T08:51:23.000Z"},{"name":"119.jpg","date":"2020-08-30T08:51:24.000Z"},{"name":"1490.jpg","date":"2020-08-30T08:51:24.000Z"},{"name":"16900.jpg","date":"2020-08-30T08:51:25.000Z"},{"name":"175.jpg","date":"2020-08-30T08:51:26.000Z"},{"name":"200.jpg","date":"2020-08-30T08:51:27.000Z"},{"name":"201.jpg","date":"2020-08-30T08:51:28.000Z"},{"name":"202.jpg","date":"2020-08-30T08:51:29.000Z"},{"name":"203.jpg","date":"2020-08-30T08:51:30.000Z"},{"name":"204.jpg","date":"2020-08-30T08:51:31.000Z"},{"name":"205.jpg","date":"2020-08-30T08:51:32.000Z"},{"name":"240.jpg","date":"2020-08-30T08:51:33.000Z"},{"name":"300.jpg","date":"2020-08-30T08:51:34.000Z"},{"name":"301.jpg","date":"2020-08-30T08:51:35.000Z"},{"name":"302.jpg","date":"2020-08-30T08:51:36.000Z"},{"name":"360.jpg","date":"2020-08-30T08:51:36.000Z"},{"name":"3600.jpg","date":"2020-08-30T08:51:37.000Z"},{"name":"3601.jpg","date":"2020-08-30T08:51:38.000Z"},{"name":"395.jpg","date":"2020-08-30T08:51:39.000Z"},{"name":"400.jpg","date":"2020-08-30T08:51:40.000Z"},{"name":"401.jpg","date":"2020-08-30T08:51:41.000Z"},{"name":"402.jpg","date":"2020-08-30T08:51:42.000Z"},{"name":"403.jpg","date":"2020-08-30T08:51:43.000Z"},{"name":"404.jpg","date":"2020-08-30T08:51:44.000Z"},{"name":"405.jpg","date":"2020-08-30T08:51:45.000Z"},{"name":"406.jpg","date":"2020-08-30T08:51:46.000Z"},{"name":"407.jpg","date":"2020-08-30T08:51:46.000Z"},{"name":"408.jpg","date":"2020-08-30T08:51:47.000Z"},{"name":"409.jpg","date":"2020-08-30T08:51:48.000Z"},{"name":"410.jpg","date":"2020-08-30T08:51:49.000Z"},{"name":"411.jpg","date":"2020-08-30T08:51:50.000Z"},{"name":"412.jpg","date":"2020-08-30T08:51:51.000Z"},{"name":"413.jpg","date":"2020-08-30T08:51:52.000Z"},{"name":"414.jpg","date":"2020-08-30T08:51:53.000Z"},{"name":"415.jpg","date":"2020-08-30T08:51:54.000Z"},{"name":"416.jpg","date":"2020-08-30T08:51:55.000Z"},{"name":"417.jpg","date":"2020-08-30T08:51:56.000Z"},{"name":"418.jpg","date":"2020-08-30T08:51:57.000Z"},{"name":"419.jpg","date":"2020-08-30T08:51:58.000Z"},{"name":"420.jpg","date":"2020-08-30T08:51:58.000Z"},{"name":"421.jpg","date":"2020-08-30T08:51:59.000Z"},{"name":"422.jpg","date":"2020-08-30T08:52:00.000Z"},{"name":"423.jpg","date":"2020-08-30T08:52:01.000Z"},{"name":"424.jpg","date":"2020-08-30T08:52:02.000Z"},{"name":"4240.jpg","date":"2020-08-30T08:52:03.000Z"},{"name":"4241.jpg","date":"2020-08-30T08:52:04.000Z"},{"name":"4242.jpg","date":"2020-11-26T10:47:15.000Z"},{"name":"425.jpg","date":"2020-08-30T08:52:05.000Z"},{"name":"426.jpg","date":"2020-08-30T08:52:06.000Z"},{"name":"427.jpg","date":"2020-08-30T08:52:07.000Z"},{"name":"428.jpg","date":"2020-08-30T08:52:08.000Z"},{"name":"429.jpg","date":"2020-08-30T08:52:09.000Z"},{"name":"430.JPG","date":"2020-08-30T08:52:09.000Z"},{"name":"431.jpg","date":"2020-08-30T08:52:10.000Z"},{"name":"432.jpg","date":"2020-08-30T08:52:11.000Z"},{"name":"434.jpg","date":"2020-08-30T08:52:12.000Z"},{"name":"435.jpg","date":"2020-08-30T08:52:13.000Z"},{"name":"436.jpg","date":"2020-08-30T08:52:14.000Z"},{"name":"437.jpg","date":"2020-08-30T08:52:15.000Z"},{"name":"438.jpg","date":"2020-08-30T08:52:16.000Z"},{"name":"439.jpg","date":"2020-08-30T08:52:17.000Z"},{"name":"440.jpg","date":"2020-08-30T08:52:18.000Z"},{"name":"441.jpg","date":"2020-08-30T08:52:19.000Z"},{"name":"442.jpg","date":"2020-08-30T08:52:20.000Z"},{"name":"443.jpg","date":"2020-08-30T08:52:21.000Z"},{"name":"444.jpg","date":"2020-08-30T08:52:21.000Z"},{"name":"445.jpg","date":"2020-08-30T08:52:22.000Z"},{"name":"446.jpg","date":"2020-08-30T08:52:23.000Z"},{"name":"447.jpg","date":"2020-08-30T08:52:24.000Z"},{"name":"448.jpg","date":"2020-08-30T08:52:25.000Z"},{"name":"449.jpg","date":"2020-08-30T08:52:26.000Z"},{"name":"450.jpg","date":"2020-08-30T08:52:27.000Z"},{"name":"451.jpg","date":"2020-08-30T08:52:28.000Z"},{"name":"452.jpg","date":"2020-08-30T08:52:29.000Z"},{"name":"453.jpg","date":"2020-08-30T08:52:30.000Z"},{"name":"454.jpg","date":"2020-08-30T08:52:31.000Z"},{"name":"455.jpg","date":"2020-08-30T08:52:32.000Z"},{"name":"456.jpg","date":"2020-08-30T08:52:33.000Z"},{"name":"457.jpg","date":"2020-08-30T08:52:33.000Z"},{"name":"458.jpg","date":"2020-08-30T08:52:34.000Z"},{"name":"459.jpg","date":"2020-08-30T08:52:35.000Z"},{"name":"460.jpg","date":"2020-08-30T08:52:36.000Z"},{"name":"461.jpg","date":"2020-08-30T08:52:37.000Z"},{"name":"462.jpg","date":"2020-08-30T08:52:38.000Z"},{"name":"463.jpg","date":"2020-08-30T08:52:39.000Z"},{"name":"464.jpg","date":"2020-08-30T08:52:40.000Z"},{"name":"4640.jpg","date":"2020-08-30T08:52:41.000Z"},{"name":"465.jpg","date":"2020-08-30T08:52:42.000Z"},{"name":"4650.jpg","date":"2020-08-30T08:52:43.000Z"},{"name":"466.jpg","date":"2020-08-30T08:52:44.000Z"},{"name":"467.jpg","date":"2020-08-30T08:52:45.000Z"},{"name":"468.jpg","date":"2020-08-30T08:52:46.000Z"},{"name":"469.jpg","date":"2020-08-30T08:52:46.000Z"},{"name":"470.jpg","date":"2020-08-30T08:52:47.000Z"},{"name":"471.jpg","date":"2020-08-30T08:52:48.000Z"},{"name":"472.jpg","date":"2020-08-30T08:52:49.000Z"},{"name":"473.jpg","date":"2020-08-30T08:52:50.000Z"},{"name":"474.jpg","date":"2020-08-30T08:52:51.000Z"},{"name":"475.jpg","date":"2020-08-30T08:52:52.000Z"},{"name":"476.jpg","date":"2020-08-30T08:52:53.000Z"},{"name":"477.jpg","date":"2020-08-30T08:52:54.000Z"},{"name":"478.jpg","date":"2020-08-30T08:52:55.000Z"},{"name":"479.jpg","date":"2020-08-30T08:52:56.000Z"},{"name":"480.jpg","date":"2020-08-30T08:52:57.000Z"},{"name":"481.jpg","date":"2020-08-30T08:52:58.000Z"},{"name":"482.jpg","date":"2020-08-30T08:52:58.000Z"},{"name":"483.jpg","date":"2020-08-30T08:52:59.000Z"},{"name":"484.jpg","date":"2020-08-30T08:53:00.000Z"},{"name":"485.jpg","date":"2020-08-30T08:53:01.000Z"},{"name":"48505.jpg","date":"2020-08-30T08:53:02.000Z"},{"name":"48506.jpg","date":"2020-08-30T08:53:03.000Z"},{"name":"48507.jpg","date":"2020-08-30T08:53:04.000Z"},{"name":"485450.jpg","date":"2020-08-30T08:53:05.000Z"},{"name":"486.jpg","date":"2020-08-30T08:53:06.000Z"},{"name":"487.jpg","date":"2020-08-30T08:53:07.000Z"},{"name":"48705.jpg","date":"2020-08-30T08:53:08.000Z"},{"name":"48706.jpg","date":"2020-08-30T08:53:09.000Z"},{"name":"48707.jpg","date":"2020-08-30T08:53:10.000Z"},{"name":"487450.jpg","date":"2020-08-30T08:53:10.000Z"},{"name":"488.jpg","date":"2020-08-30T08:53:11.000Z"},{"name":"489.jpg","date":"2020-08-30T08:53:12.000Z"},{"name":"490.jpg","date":"2020-08-30T08:53:13.000Z"},{"name":"491.jpg","date":"2020-08-30T08:53:14.000Z"},{"name":"493.jpg","date":"2020-08-30T08:53:15.000Z"},{"name":"500.jpg","date":"2020-08-30T08:53:16.000Z"},{"name":"501.jpg","date":"2020-08-30T08:53:17.000Z"},{"name":"502.jpg","date":"2020-08-30T08:53:18.000Z"},{"name":"503.jpg","date":"2020-08-30T08:53:19.000Z"},{"name":"504.jpg","date":"2020-08-30T08:53:20.000Z"},{"name":"505.jpg","date":"2020-08-30T08:53:21.000Z"},{"name":"506.jpg","date":"2020-08-30T08:53:22.000Z"},{"name":"507.jpg","date":"2020-08-30T08:53:23.000Z"},{"name":"508.jpg","date":"2020-08-30T08:53:24.000Z"},{"name":"509.jpg","date":"2020-08-30T08:53:25.000Z"},{"name":"510.jpg","date":"2020-08-30T08:53:26.000Z"},{"name":"511.jpg","date":"2020-08-30T08:53:27.000Z"},{"name":"512.jpg","date":"2020-08-30T08:53:28.000Z"},{"name":"513.jpg","date":"2020-08-30T08:53:28.000Z"},{"name":"514.jpg","date":"2020-08-30T08:53:29.000Z"},{"name":"515.jpg","date":"2020-08-30T08:53:30.000Z"},{"name":"516.jpg","date":"2020-08-30T08:53:31.000Z"},{"name":"517.jpg","date":"2020-08-30T08:53:32.000Z"},{"name":"518.jpg","date":"2020-08-30T08:53:33.000Z"},{"name":"519.jpg","date":"2020-08-30T08:53:34.000Z"},{"name":"520.jpg","date":"2020-08-30T08:53:35.000Z"},{"name":"521.jpg","date":"2020-08-30T08:53:36.000Z"},{"name":"522.jpg","date":"2020-08-30T08:53:37.000Z"},{"name":"523.jpg","date":"2020-08-30T08:53:38.000Z"},{"name":"524.jpg","date":"2020-08-30T08:53:39.000Z"},{"name":"525.jpg","date":"2020-08-30T08:53:40.000Z"},{"name":"526.jpg","date":"2020-08-30T08:53:41.000Z"},{"name":"527.jpg","date":"2020-08-30T08:53:42.000Z"},{"name":"528.jpg","date":"2020-08-30T08:53:42.000Z"},{"name":"529.jpg","date":"2020-08-30T08:53:43.000Z"},{"name":"530.jpg","date":"2020-08-30T08:53:44.000Z"},{"name":"531.jpg","date":"2020-08-30T08:53:45.000Z"},{"name":"532.jpg","date":"2020-08-30T08:53:46.000Z"},{"name":"533.jpg","date":"2020-08-30T08:53:47.000Z"},{"name":"534.jpg","date":"2020-08-30T08:53:48.000Z"},{"name":"535.jpg","date":"2020-08-30T08:53:49.000Z"},{"name":"536.jpg","date":"2020-08-30T08:53:50.000Z"},{"name":"537.jpg","date":"2020-08-30T08:53:51.000Z"},{"name":"538.jpg","date":"2020-08-30T08:53:52.000Z"},{"name":"539.jpg","date":"2020-08-30T08:53:53.000Z"},{"name":"540.jpg","date":"2020-08-30T08:53:54.000Z"},{"name":"541.jpg","date":"2020-08-30T08:53:55.000Z"},{"name":"542.jpg","date":"2020-08-30T08:53:56.000Z"},{"name":"543.jpg","date":"2020-08-30T08:53:57.000Z"},{"name":"544.jpg","date":"2020-08-30T08:53:58.000Z"},{"name":"545.jpg","date":"2020-08-30T08:53:58.000Z"},{"name":"546.jpg","date":"2020-08-30T08:53:59.000Z"},{"name":"547.jpg","date":"2020-08-30T08:54:00.000Z"},{"name":"548.jpg","date":"2020-08-30T08:54:01.000Z"},{"name":"549.jpg","date":"2020-08-30T08:54:02.000Z"},{"name":"550.jpg","date":"2020-08-30T08:54:03.000Z"},{"name":"551.jpg","date":"2020-08-30T08:54:04.000Z"},{"name":"552.jpg","date":"2020-08-30T08:54:05.000Z"},{"name":"553.jpg","date":"2020-08-30T08:54:06.000Z"},{"name":"554.jpg","date":"2020-08-30T08:54:07.000Z"},{"name":"555.jpg","date":"2020-08-30T08:54:08.000Z"},{"name":"556.jpg","date":"2020-08-30T08:54:09.000Z"},{"name":"557.jpg","date":"2020-08-30T08:54:10.000Z"},{"name":"558.jpg","date":"2020-08-30T08:54:10.000Z"},{"name":"559.jpg","date":"2020-08-30T08:54:11.000Z"},{"name":"560.jpg","date":"2020-08-30T08:54:12.000Z"},{"name":"561.jpg","date":"2020-08-30T08:54:13.000Z"},{"name":"562.jpg","date":"2020-08-30T08:54:14.000Z"},{"name":"563.jpg","date":"2020-08-30T08:54:15.000Z"},{"name":"564.jpg","date":"2020-08-30T08:54:16.000Z"},{"name":"565.jpg","date":"2020-08-30T08:54:17.000Z"},{"name":"566.jpg","date":"2020-08-30T08:54:18.000Z"},{"name":"567.jpg","date":"2020-08-30T08:54:19.000Z"},{"name":"568.jpg","date":"2020-08-30T08:54:19.000Z"},{"name":"569.jpg","date":"2020-08-30T08:54:20.000Z"},{"name":"570.jpg","date":"2020-08-30T08:54:21.000Z"},{"name":"571.jpg","date":"2020-08-30T08:54:22.000Z"},{"name":"572.jpg","date":"2020-08-30T08:54:23.000Z"},{"name":"573.jpg","date":"2020-08-30T08:54:24.000Z"},{"name":"574.jpg","date":"2020-08-30T08:54:25.000Z"},{"name":"575.jpg","date":"2020-08-30T08:54:26.000Z"},{"name":"576.jpg","date":"2020-08-30T08:54:27.000Z"},{"name":"577.jpg","date":"2020-08-30T08:54:28.000Z"},{"name":"578.jpg","date":"2020-08-30T08:54:29.000Z"},{"name":"579.jpg","date":"2020-08-30T08:54:30.000Z"},{"name":"580.jpg","date":"2020-08-30T08:54:31.000Z"},{"name":"581.jpg","date":"2020-08-30T08:54:32.000Z"},{"name":"582.jpg","date":"2020-08-30T08:54:33.000Z"},{"name":"583.jpg","date":"2020-08-30T08:54:34.000Z"},{"name":"584.jpg","date":"2020-08-30T08:54:35.000Z"},{"name":"58501.jpg","date":"2020-08-30T08:54:35.000Z"},{"name":"58502.jpg","date":"2020-08-30T08:54:36.000Z"},{"name":"58503.jpg","date":"2020-08-30T08:54:37.000Z"},{"name":"58504.jpg","date":"2020-08-30T08:54:38.000Z"},{"name":"58505.jpg","date":"2020-08-30T08:54:39.000Z"},{"name":"600.jpg","date":"2020-08-30T08:54:40.000Z"},{"name":"6000.jpg","date":"2020-08-30T08:54:41.000Z"},{"name":"605.jpg","date":"2020-08-30T08:54:42.000Z"},{"name":"6050.jpg","date":"2020-08-30T08:54:43.000Z"},{"name":"6541.jpg","date":"2020-08-30T08:54:44.000Z"},{"name":"65411.jpg","date":"2020-08-30T08:54:45.000Z"},{"name":"6543.jpg","date":"2020-08-30T08:54:46.000Z"},{"name":"6546.jpg","date":"2020-08-30T08:54:47.000Z"},{"name":"654888.jpg","date":"2020-08-30T08:54:48.000Z"},{"name":"6549.jpg","date":"2020-08-30T08:54:49.000Z"},{"name":"687.jpg","date":"2020-08-30T08:54:49.000Z"},{"name":"6870.jpg","date":"2020-08-30T08:54:50.000Z"},{"name":"6871.jpg","date":"2020-08-30T08:54:51.000Z"},{"name":"688.jpg","date":"2020-08-30T08:54:52.000Z"},{"name":"700.jpg","date":"2020-08-30T08:54:53.000Z"},{"name":"7006.jpg","date":"2020-08-30T08:54:54.000Z"},{"name":"7090.jpg","date":"2020-11-26T10:47:40.000Z"},{"name":"7091.jpg","date":"2020-11-26T10:47:41.000Z"},{"name":"710.jpg","date":"2020-08-30T08:54:55.000Z"},{"name":"7102.jpg","date":"2020-08-30T08:54:56.000Z"},{"name":"7105.jpg","date":"2020-08-30T08:54:57.000Z"},{"name":"71051.jpg","date":"2020-08-30T08:54:58.000Z"},{"name":"71052.jpg","date":"2020-08-30T08:54:59.000Z"},{"name":"713.jpg","date":"2020-08-30T08:55:00.000Z"},{"name":"7131.jpg","date":"2020-08-30T08:55:01.000Z"},{"name":"71318.jpg","date":"2020-08-30T08:55:02.000Z"},{"name":"7132.jpg","date":"2020-11-26T10:47:43.000Z"},{"name":"7135.jpg","date":"2020-08-30T08:55:03.000Z"},{"name":"71350.jpg","date":"2020-08-30T08:55:04.000Z"},{"name":"7138.jpg","date":"2020-08-30T08:55:05.000Z"},{"name":"71380.jpg","date":"2020-08-30T08:55:06.000Z"},{"name":"719.jpg","date":"2020-08-30T08:55:07.000Z"},{"name":"723.jpg","date":"2020-08-30T08:55:08.000Z"},{"name":"7231.jpg","date":"2020-08-30T08:55:09.000Z"},{"name":"72311.jpg","date":"2020-08-30T08:55:10.000Z"},{"name":"72318.jpg","date":"2020-08-30T08:55:11.000Z"},{"name":"7233.png","date":"2020-08-30T08:55:12.000Z"},{"name":"7234.jpg","date":"2020-08-30T08:55:13.000Z"},{"name":"7235.jpg","date":"2020-08-30T08:55:14.000Z"},{"name":"7238.jpg","date":"2020-08-30T08:55:15.000Z"},{"name":"724.jpg","date":"2020-08-30T08:55:16.000Z"},{"name":"7241.jpg","date":"2020-08-30T08:55:17.000Z"},{"name":"7245.jpg","date":"2020-08-30T08:55:18.000Z"},{"name":"7248.jpg","date":"2020-08-30T08:55:19.000Z"},{"name":"725.jpg","date":"2020-08-30T08:55:20.000Z"},{"name":"725005.jpg","date":"2020-08-30T08:55:21.000Z"},{"name":"72504.jpg","date":"2020-08-30T08:55:22.000Z"},{"name":"72505.jpg","date":"2020-08-30T08:55:23.000Z"},{"name":"725500.jpg","date":"2020-08-30T08:55:24.000Z"},{"name":"731.jpg","date":"2020-08-30T08:55:25.000Z"},{"name":"73118.jpg","date":"2020-08-30T08:55:26.000Z"},{"name":"7315.jpg","date":"2020-08-30T08:55:27.000Z"},{"name":"7316.jpg","date":"2020-08-30T08:55:28.000Z"},{"name":"7317.jpg","date":"2020-08-30T08:55:29.000Z"},{"name":"7318.jpg","date":"2020-08-30T08:55:30.000Z"},{"name":"73180.jpg","date":"2020-08-30T08:55:31.000Z"},{"name":"7319.jpg","date":"2020-08-30T08:55:32.000Z"},{"name":"73190.jpg","date":"2020-08-30T08:55:32.000Z"},{"name":"732.jpg","date":"2020-08-30T08:55:33.000Z"},{"name":"733.jpg","date":"2020-08-30T08:55:34.000Z"},{"name":"7331.jpg","date":"2020-08-30T08:55:35.000Z"},{"name":"73310.jpg","date":"2020-08-30T08:55:36.000Z"},{"name":"73318.jpg","date":"2020-08-30T08:55:37.000Z"},{"name":"7335.jpg","date":"2020-08-30T08:55:38.000Z"},{"name":"7338.jpg","date":"2020-08-30T08:55:39.000Z"},{"name":"73380.jpg","date":"2020-08-30T08:55:40.000Z"},{"name":"733801.jpg","date":"2020-08-30T08:55:41.000Z"},{"name":"734.jpg","date":"2020-08-30T08:55:42.000Z"},{"name":"73510.jpg","date":"2020-08-30T08:55:43.000Z"},{"name":"736.jpg","date":"2020-08-30T08:55:44.000Z"},{"name":"7360.jpg","date":"2020-08-30T08:55:45.000Z"},{"name":"737.jpg","date":"2020-08-30T08:55:46.000Z"},{"name":"7370.jpg","date":"2020-08-30T08:55:46.000Z"},{"name":"737000.jpg","date":"2020-08-30T08:55:47.000Z"},{"name":"7374.jpg","date":"2020-08-30T08:55:48.000Z"},{"name":"738.jpg","date":"2020-08-30T08:55:49.000Z"},{"name":"7384.jpg","date":"2020-08-30T08:55:50.000Z"},{"name":"7385.jpg","date":"2020-08-30T08:55:51.000Z"},{"name":"73850.jpg","date":"2020-08-30T08:55:52.000Z"},{"name":"73851.jpg","date":"2020-08-30T08:55:53.000Z"},{"name":"738550.jpg","date":"2020-08-30T08:55:54.000Z"},{"name":"739.jpg","date":"2020-08-30T08:55:55.000Z"},{"name":"7395.jpg","date":"2020-08-30T08:55:56.000Z"},{"name":"739501.jpg","date":"2020-08-30T08:55:57.000Z"},{"name":"750.jpg","date":"2020-08-30T08:55:58.000Z"},{"name":"75025.jpg","date":"2020-08-30T08:55:58.000Z"},{"name":"7505.jpg","date":"2020-08-30T08:55:59.000Z"},{"name":"755.jpg","date":"2020-08-30T08:56:00.000Z"},{"name":"760.jpg","date":"2020-08-30T08:56:01.000Z"},{"name":"7600.jpg","date":"2020-08-30T08:56:02.000Z"},{"name":"7601.jpg","date":"2020-08-30T08:56:03.000Z"},{"name":"764.jpg","date":"2020-08-30T08:56:04.000Z"},{"name":"771.jpg","date":"2020-08-30T08:56:05.000Z"},{"name":"7712.jpg","date":"2020-08-30T08:56:06.000Z"},{"name":"781.jpg","date":"2020-08-30T08:56:07.000Z"},{"name":"78105.jpg","date":"2020-08-30T08:56:08.000Z"},{"name":"781450.jpg","date":"2020-08-30T08:56:09.000Z"},{"name":"7841.jpg","date":"2020-08-30T08:56:10.000Z"},{"name":"7851.jpg","date":"2020-08-30T08:56:10.000Z"},{"name":"7852.jpg","date":"2020-08-30T08:56:11.000Z"},{"name":"786.jpg","date":"2020-08-30T08:56:12.000Z"},{"name":"78705.jpg","date":"2020-08-30T08:56:13.000Z"},{"name":"78706.jpg","date":"2020-08-30T08:56:14.000Z"},{"name":"7871.jpg","date":"2020-08-30T08:56:15.000Z"},{"name":"787450.jpg","date":"2020-08-30T08:56:16.000Z"},{"name":"78820.jpg","date":"2020-08-30T08:56:17.000Z"},{"name":"78821.jpg","date":"2020-08-30T08:56:18.000Z"},{"name":"7905.jpg","date":"2020-08-30T08:56:19.000Z"},{"name":"7954.jpg","date":"2020-08-30T08:56:20.000Z"},{"name":"79540.jpg","date":"2020-08-30T08:56:21.000Z"},{"name":"7955.jpg","date":"2020-08-30T08:56:22.000Z"},{"name":"7956.jpg","date":"2020-08-30T08:56:23.000Z"},{"name":"79570.jpg","date":"2020-08-30T08:56:24.000Z"},{"name":"79571.jpg","date":"2020-08-30T08:56:25.000Z"},{"name":"7959.jpg","date":"2020-08-30T08:56:26.000Z"},{"name":"7971.jpg","date":"2020-08-30T08:56:26.000Z"},{"name":"7973.jpg","date":"2020-08-30T08:56:27.000Z"},{"name":"950.jpg","date":"2020-08-30T08:56:28.000Z"},{"name":"951.jpg","date":"2020-08-30T08:56:29.000Z"},{"name":"9833.jpg","date":"2020-08-30T08:56:30.000Z"},{"name":"bannersArtboard1.jpg","date":"2019-07-24T07:20:43.000Z"},{"name":"bannersArtboard2.jpg","date":"2019-07-24T07:20:40.000Z"},{"name":"bannersArtboard3.jpg","date":"2019-07-24T07:20:37.000Z"},{"name":"big_fire.png","date":"2019-05-22T09:20:09.000Z"},{"name":"big_heart.png","date":"2019-05-22T09:20:09.000Z"},{"name":"big_new.png","date":"2019-05-22T09:20:09.000Z"},{"name":"big_sale.png","date":"2019-05-22T09:20:09.000Z"},{"name":"categories.png","date":"2020-08-09T06:39:32.000Z"},{"name":"categoriesDisable.png","date":"2020-08-09T06:39:41.000Z"},{"name":"deal.png","date":"2018-01-15T12:46:46.000Z"},{"name":"deals.png","date":"2018-01-15T12:45:57.000Z"},{"name":"defaultImage.jpg","date":"2020-03-31T12:00:35.000Z"},{"name":"defaultImage.png","date":"2018-06-25T13:21:00.000Z"},{"name":"defaultImageThumb.jpg","date":"2020-03-31T12:00:47.000Z"},{"name":"fire.png","date":"2019-05-22T09:20:09.000Z"},{"name":"heart.png","date":"2019-05-22T09:20:09.000Z"},{"name":"hot.png","date":"2018-01-15T12:47:31.000Z"},{"name":"icon_mix.png","date":"2020-08-27T07:46:18.000Z"},{"name":"icon_mix_disable.png","date":"2020-08-27T07:46:24.000Z"},{"name":"icon_mylist.png","date":"2020-08-09T03:52:04.000Z"},{"name":"icon_mylist_disable.png","date":"2020-08-09T03:51:50.000Z"},{"name":"icon_new.png","date":"2020-08-09T03:52:12.000Z"},{"name":"icon_new_disable.png","date":"2020-08-09T03:52:00.000Z"},{"name":"large_logo.png","date":"2020-11-26T10:47:58.000Z"},{"name":"logo1024-1024.jpg","date":"2019-06-26T13:45:08.000Z"},{"name":"logo120-120.jpg","date":"2019-06-26T13:45:02.000Z"},{"name":"logo144-144.jpg","date":"2019-06-26T13:45:01.000Z"},{"name":"logo152-152.jpg","date":"2019-06-26T13:45:06.000Z"},{"name":"logo167-167.jpg","date":"2019-06-26T13:45:04.000Z"},{"name":"logo180-180.jpg","date":"2019-06-26T13:44:59.000Z"},{"name":"logo20-20.jpg","date":"2019-08-21T08:40:17.000Z"},{"name":"logo29-29.jpg","date":"2019-08-21T08:40:19.000Z"},{"name":"logo40-40.jpg","date":"2019-08-21T08:40:21.000Z"},{"name":"logo512-512.jpg","date":"2019-08-21T08:40:15.000Z"},{"name":"logo58-58.jpg","date":"2019-08-21T08:40:24.000Z"},{"name":"logo60-60.jpg","date":"2019-08-21T08:40:26.000Z"},{"name":"logo76-76.jpg","date":"2019-08-21T08:40:28.000Z"},{"name":"logo80-80.jpg","date":"2019-08-21T08:40:30.000Z"},{"name":"logo87-87.jpg","date":"2019-08-21T08:40:32.000Z"},{"name":"love.png","date":"2018-01-15T12:46:31.000Z"},{"name":"myItemsList.png","date":"2020-08-09T06:41:14.000Z"},{"name":"myItemsListDisable.png","date":"2020-08-09T03:51:50.000Z"},{"name":"new.png","date":"2020-08-09T06:40:23.000Z"},{"name":"newDisable.png","date":"2020-08-09T06:40:32.000Z"},{"name":"new_c.png","date":"2018-01-15T12:48:16.000Z"},{"name":"news.png","date":"2018-01-15T12:48:57.000Z"},{"name":"sale.png","date":"2020-08-09T06:41:54.000Z"},{"name":"saleDisable.png","date":"2020-08-09T06:42:06.000Z"},{"name":"small_logo.png","date":"2018-06-25T13:21:00.000Z"}]
-------

2021-02-11 13:57:31.1356|| [INFO]
 CallProcess: SyncImages.ProcessFiles+<ProcessFilesImages>d__10.MoveNext
Message: files count dirty22
-------

2021-02-11 13:57:31.6691|| [INFO]
 CallProcess: SyncImages.ProcessFiles+<ProcessFilesImages>d__10.MoveNext
Message: file 1a20351d-3419-4503-8bff-326ff7d740d0.jpg will be deleted because he is not in B2B_Items
-------

2021-02-11 13:57:31.6691|| [INFO]
 CallProcess: SyncImages.ProcessFiles.DeleteFile
Message: Deleting C:\\Development\\SyncImagesDotNet\\SyncImages\\Images\1a20351d-3419-4503-8bff-326ff7d740d0.jpg
-------

2021-02-11 13:57:31.8001|| [INFO]
 CallProcess: SyncImages.ProcessFiles+<ProcessFilesImages>d__10.MoveNext
Message: file 1cdbccfb-7bf6-4503-83b5-7627086492be.jpg will be deleted because he is not in B2B_Items
-------

2021-02-11 13:57:31.8821|| [INFO]
 CallProcess: SyncImages.ProcessFiles.DeleteFile
Message: Deleting C:\\Development\\SyncImagesDotNet\\SyncImages\\Images\1cdbccfb-7bf6-4503-83b5-7627086492be.jpg
-------

2021-02-11 13:57:32.0801|| [INFO]
 CallProcess: SyncImages.ProcessFiles+<ProcessFilesImages>d__10.MoveNext
Message: file 1df61665-58ce-45a6-ab3e-1b4a7bb1cd2e.jpg will be deleted because he is not in B2B_Items
-------

2021-02-11 13:57:32.1081|| [INFO]
 CallProcess: SyncImages.ProcessFiles.DeleteFile
Message: Deleting C:\\Development\\SyncImagesDotNet\\SyncImages\\Images\1df61665-58ce-45a6-ab3e-1b4a7bb1cd2e.jpg
-------

2021-02-11 13:57:32.2131|| [INFO]
 CallProcess: SyncImages.ProcessFiles+<ProcessFilesImages>d__10.MoveNext
Message: file 81011.jpg will be deleted because he is not in B2B_Items
-------

2021-02-11 13:57:32.2131|| [INFO]
 CallProcess: SyncImages.ProcessFiles.DeleteFile
Message: Deleting C:\\Development\\SyncImagesDotNet\\SyncImages\\Images\81011.jpg
-------

2021-02-11 13:57:32.3351|| [INFO]
 CallProcess: SyncImages.ProcessFiles+<ProcessFilesImages>d__10.MoveNext
Message: file 81404.jpg will be deleted because he is not in B2B_Items
-------

2021-02-11 13:57:32.3351|| [INFO]
 CallProcess: SyncImages.ProcessFiles.DeleteFile
Message: Deleting C:\\Development\\SyncImagesDotNet\\SyncImages\\Images\81404.jpg
-------

2021-02-11 13:57:32.5042|| [INFO]
 CallProcess: SyncImages.ProcessFiles+<ProcessFilesImages>d__10.MoveNext
Message: file 82588.jpg will be deleted because he is not in B2B_Items
-------

2021-02-11 13:57:32.5042|| [INFO]
 CallProcess: SyncImages.ProcessFiles.DeleteFile
Message: Deleting C:\\Development\\SyncImagesDotNet\\SyncImages\\Images\82588.jpg
-------

2021-02-11 13:57:32.6127|| [INFO]
 CallProcess: SyncImages.ProcessFiles+<ProcessFilesImages>d__10.MoveNext
Message: file 82935.jpg will be deleted because he is not in B2B_Items
-------

2021-02-11 13:57:32.6157|| [INFO]
 CallProcess: SyncImages.ProcessFiles.DeleteFile
Message: Deleting C:\\Development\\SyncImagesDotNet\\SyncImages\\Images\82935.jpg
-------

2021-02-11 13:57:32.7247|| [INFO]
 CallProcess: SyncImages.ProcessFiles+<ProcessFilesImages>d__10.MoveNext
Message: file 83011.jpg will be deleted because he is not in B2B_Items
-------

2021-02-11 13:57:32.7247|| [INFO]
 CallProcess: SyncImages.ProcessFiles.DeleteFile
Message: Deleting C:\\Development\\SyncImagesDotNet\\SyncImages\\Images\83011.jpg
-------

2021-02-11 13:57:32.8328|| [INFO]
 CallProcess: SyncImages.ProcessFiles+<ProcessFilesImages>d__10.MoveNext
Message: file 83021.jpg will be deleted because he is not in B2B_Items
-------

2021-02-11 13:57:32.8328|| [INFO]
 CallProcess: SyncImages.ProcessFiles.DeleteFile
Message: Deleting C:\\Development\\SyncImagesDotNet\\SyncImages\\Images\83021.jpg
-------

2021-02-11 13:57:32.9398|| [INFO]
 CallProcess: SyncImages.ProcessFiles+<ProcessFilesImages>d__10.MoveNext
Message: file 83031.jpg will be deleted because he is not in B2B_Items
-------

2021-02-11 13:57:32.9428|| [INFO]
 CallProcess: SyncImages.ProcessFiles.DeleteFile
Message: Deleting C:\\Development\\SyncImagesDotNet\\SyncImages\\Images\83031.jpg
-------

2021-02-11 13:57:33.0448|| [INFO]
 CallProcess: SyncImages.ProcessFiles+<ProcessFilesImages>d__10.MoveNext
Message: file 83041.jpg will be deleted because he is not in B2B_Items
-------

2021-02-11 13:57:33.0448|| [INFO]
 CallProcess: SyncImages.ProcessFiles.DeleteFile
Message: Deleting C:\\Development\\SyncImagesDotNet\\SyncImages\\Images\83041.jpg
-------

2021-02-11 13:57:33.1728|| [INFO]
 CallProcess: SyncImages.ProcessFiles+<ProcessFilesImages>d__10.MoveNext
Message: file 83051.jpg will be deleted because he is not in B2B_Items
-------

2021-02-11 13:57:33.1758|| [INFO]
 CallProcess: SyncImages.ProcessFiles.DeleteFile
Message: Deleting C:\\Development\\SyncImagesDotNet\\SyncImages\\Images\83051.jpg
-------

2021-02-11 13:57:33.2823|| [INFO]
 CallProcess: SyncImages.ProcessFiles+<ProcessFilesImages>d__10.MoveNext
Message: file 83061.jpg will be deleted because he is not in B2B_Items
-------

2021-02-11 13:57:33.2823|| [INFO]
 CallProcess: SyncImages.ProcessFiles.DeleteFile
Message: Deleting C:\\Development\\SyncImagesDotNet\\SyncImages\\Images\83061.jpg
-------

2021-02-11 13:57:33.3863|| [INFO]
 CallProcess: SyncImages.ProcessFiles+<ProcessFilesImages>d__10.MoveNext
Message: file 83165.jpg will be deleted because he is not in B2B_Items
-------

2021-02-11 13:57:33.3863|| [INFO]
 CallProcess: SyncImages.ProcessFiles.DeleteFile
Message: Deleting C:\\Development\\SyncImagesDotNet\\SyncImages\\Images\83165.jpg
-------

2021-02-11 13:57:33.4913|| [INFO]
 CallProcess: SyncImages.ProcessFiles+<ProcessFilesImages>d__10.MoveNext
Message: file 83552.jpg will be deleted because he is not in B2B_Items
-------

2021-02-11 13:57:33.4913|| [INFO]
 CallProcess: SyncImages.ProcessFiles.DeleteFile
Message: Deleting C:\\Development\\SyncImagesDotNet\\SyncImages\\Images\83552.jpg
-------

2021-02-11 13:57:33.5964|| [INFO]
 CallProcess: SyncImages.ProcessFiles+<ProcessFilesImages>d__10.MoveNext
Message: file 84501.jpg will be deleted because he is not in B2B_Items
-------

2021-02-11 13:57:33.5983|| [INFO]
 CallProcess: SyncImages.ProcessFiles.DeleteFile
Message: Deleting C:\\Development\\SyncImagesDotNet\\SyncImages\\Images\84501.jpg
-------

2021-02-11 13:57:33.7003|| [INFO]
 CallProcess: SyncImages.ProcessFiles+<ProcessFilesImages>d__10.MoveNext
Message: file 84511.jpg will be deleted because he is not in B2B_Items
-------

2021-02-11 13:57:33.7003|| [INFO]
 CallProcess: SyncImages.ProcessFiles.DeleteFile
Message: Deleting C:\\Development\\SyncImagesDotNet\\SyncImages\\Images\84511.jpg
-------

2021-02-11 13:57:33.8044|| [INFO]
 CallProcess: SyncImages.ProcessFiles+<ProcessFilesImages>d__10.MoveNext
Message: file 85099.jpg will be deleted because he is not in B2B_Items
-------

2021-02-11 13:57:33.8044|| [INFO]
 CallProcess: SyncImages.ProcessFiles.DeleteFile
Message: Deleting C:\\Development\\SyncImagesDotNet\\SyncImages\\Images\85099.jpg
-------

2021-02-11 13:57:33.9083|| [INFO]
 CallProcess: SyncImages.ProcessFiles+<ProcessFilesImages>d__10.MoveNext
Message: file 85211.jpg will be deleted because he is not in B2B_Items
-------

2021-02-11 13:57:33.9083|| [INFO]
 CallProcess: SyncImages.ProcessFiles.DeleteFile
Message: Deleting C:\\Development\\SyncImagesDotNet\\SyncImages\\Images\85211.jpg
-------

2021-02-11 13:57:34.0123|| [INFO]
 CallProcess: SyncImages.ProcessFiles+<ProcessFilesImages>d__10.MoveNext
Message: file 85286.jpg will be deleted because he is not in B2B_Items
-------

2021-02-11 13:57:34.0123|| [INFO]
 CallProcess: SyncImages.ProcessFiles.DeleteFile
Message: Deleting C:\\Development\\SyncImagesDotNet\\SyncImages\\Images\85286.jpg
-------

2021-02-11 13:57:34.1154|| [INFO]
 CallProcess: SyncImages.ProcessFiles+<ProcessFilesImages>d__10.MoveNext
Message: file 85301_500.png will be deleted because he is not in B2B_Items
-------

2021-02-11 13:57:34.1154|| [INFO]
 CallProcess: SyncImages.ProcessFiles.DeleteFile
Message: Deleting C:\\Development\\SyncImagesDotNet\\SyncImages\\Images\85301_500.png
-------

2021-02-11 13:57:34.2204|| [INFO]
 CallProcess: SyncImages.ProcessFiles+<ProcessFilesImages>d__10.MoveNext
Message: files count clear1
-------

2021-02-11 13:57:52.9965|| [INFO]
 CallProcess: SyncImages.ProcessFiles.CallCopyImagesBatchAsync
Message: C:\\Development\\SyncImagesDotNet\\SyncImages\\Images\85301.jpg img/items
-------

2021-02-11 13:57:55.1433|| [INFO]
 CallProcess: SyncImages.ProcessFiles+<>c__DisplayClass4_1.<CallCopyImagesBatchAsync>b__0
Message: Args System.EventArgs ExitCode 0
-------

2021-02-11 13:57:55.1533|| [INFO]
 CallProcess: SyncImages.ProcessFiles.ProcessFilesImages
Message: updated C:\\Development\\SyncImagesDotNet\\SyncImages\\Images\85301.jpg added
-------

2021-02-11 13:57:55.3929|| [INFO]
 CallProcess: SyncImages.ProcessFiles+<ProcessFilesImages>d__10.MoveNext
Message: done
-------

2021-02-11 13:59:30.9809|| [INFO]
 CallProcess: SyncImages.ProcessFiles+<ProcessFilesImages>d__10.MoveNext
Message: not thumb
-------

2021-02-11 13:59:31.0669|| [INFO]
 CallProcess: SyncImages.ProcessFiles+<ProcessFilesImages>d__10.MoveNext
Message: [{"name":"0.jpg","date":"2020-08-30T08:51:15.000Z"},{"name":"100.jpg","date":"2020-08-30T08:51:16.000Z"},{"name":"101.jpg","date":"2020-08-30T08:51:17.000Z"},{"name":"102.jpg","date":"2020-08-30T08:51:18.000Z"},{"name":"103.jpg","date":"2020-08-30T08:51:19.000Z"},{"name":"104.jpg","date":"2020-08-30T08:51:20.000Z"},{"name":"105.jpg","date":"2020-08-30T08:51:21.000Z"},{"name":"106.jpg","date":"2020-08-30T08:51:22.000Z"},{"name":"107.jpg","date":"2020-08-30T08:51:23.000Z"},{"name":"119.jpg","date":"2020-08-30T08:51:24.000Z"},{"name":"1490.jpg","date":"2020-08-30T08:51:24.000Z"},{"name":"16900.jpg","date":"2020-08-30T08:51:25.000Z"},{"name":"175.jpg","date":"2020-08-30T08:51:26.000Z"},{"name":"200.jpg","date":"2020-08-30T08:51:27.000Z"},{"name":"201.jpg","date":"2020-08-30T08:51:28.000Z"},{"name":"202.jpg","date":"2020-08-30T08:51:29.000Z"},{"name":"203.jpg","date":"2020-08-30T08:51:30.000Z"},{"name":"204.jpg","date":"2020-08-30T08:51:31.000Z"},{"name":"205.jpg","date":"2020-08-30T08:51:32.000Z"},{"name":"240.jpg","date":"2020-08-30T08:51:33.000Z"},{"name":"300.jpg","date":"2020-08-30T08:51:34.000Z"},{"name":"301.jpg","date":"2020-08-30T08:51:35.000Z"},{"name":"302.jpg","date":"2020-08-30T08:51:36.000Z"},{"name":"360.jpg","date":"2020-08-30T08:51:36.000Z"},{"name":"3600.jpg","date":"2020-08-30T08:51:37.000Z"},{"name":"3601.jpg","date":"2020-08-30T08:51:38.000Z"},{"name":"395.jpg","date":"2020-08-30T08:51:39.000Z"},{"name":"400.jpg","date":"2020-08-30T08:51:40.000Z"},{"name":"401.jpg","date":"2020-08-30T08:51:41.000Z"},{"name":"402.jpg","date":"2020-08-30T08:51:42.000Z"},{"name":"403.jpg","date":"2020-08-30T08:51:43.000Z"},{"name":"404.jpg","date":"2020-08-30T08:51:44.000Z"},{"name":"405.jpg","date":"2020-08-30T08:51:45.000Z"},{"name":"406.jpg","date":"2020-08-30T08:51:46.000Z"},{"name":"407.jpg","date":"2020-08-30T08:51:46.000Z"},{"name":"408.jpg","date":"2020-08-30T08:51:47.000Z"},{"name":"409.jpg","date":"2020-08-30T08:51:48.000Z"},{"name":"410.jpg","date":"2020-08-30T08:51:49.000Z"},{"name":"411.jpg","date":"2020-08-30T08:51:50.000Z"},{"name":"412.jpg","date":"2020-08-30T08:51:51.000Z"},{"name":"413.jpg","date":"2020-08-30T08:51:52.000Z"},{"name":"414.jpg","date":"2020-08-30T08:51:53.000Z"},{"name":"415.jpg","date":"2020-08-30T08:51:54.000Z"},{"name":"416.jpg","date":"2020-08-30T08:51:55.000Z"},{"name":"417.jpg","date":"2020-08-30T08:51:56.000Z"},{"name":"418.jpg","date":"2020-08-30T08:51:57.000Z"},{"name":"419.jpg","date":"2020-08-30T08:51:58.000Z"},{"name":"420.jpg","date":"2020-08-30T08:51:58.000Z"},{"name":"421.jpg","date":"2020-08-30T08:51:59.000Z"},{"name":"422.jpg","date":"2020-08-30T08:52:00.000Z"},{"name":"423.jpg","date":"2020-08-30T08:52:01.000Z"},{"name":"424.jpg","date":"2020-08-30T08:52:02.000Z"},{"name":"4240.jpg","date":"2020-08-30T08:52:03.000Z"},{"name":"4241.jpg","date":"2020-08-30T08:52:04.000Z"},{"name":"4242.jpg","date":"2020-11-26T10:47:15.000Z"},{"name":"425.jpg","date":"2020-08-30T08:52:05.000Z"},{"name":"426.jpg","date":"2020-08-30T08:52:06.000Z"},{"name":"427.jpg","date":"2020-08-30T08:52:07.000Z"},{"name":"428.jpg","date":"2020-08-30T08:52:08.000Z"},{"name":"429.jpg","date":"2020-08-30T08:52:09.000Z"},{"name":"430.JPG","date":"2020-08-30T08:52:09.000Z"},{"name":"431.jpg","date":"2020-08-30T08:52:10.000Z"},{"name":"432.jpg","date":"2020-08-30T08:52:11.000Z"},{"name":"434.jpg","date":"2020-08-30T08:52:12.000Z"},{"name":"435.jpg","date":"2020-08-30T08:52:13.000Z"},{"name":"436.jpg","date":"2020-08-30T08:52:14.000Z"},{"name":"437.jpg","date":"2020-08-30T08:52:15.000Z"},{"name":"438.jpg","date":"2020-08-30T08:52:16.000Z"},{"name":"439.jpg","date":"2020-08-30T08:52:17.000Z"},{"name":"440.jpg","date":"2020-08-30T08:52:18.000Z"},{"name":"441.jpg","date":"2020-08-30T08:52:19.000Z"},{"name":"442.jpg","date":"2020-08-30T08:52:20.000Z"},{"name":"443.jpg","date":"2020-08-30T08:52:21.000Z"},{"name":"444.jpg","date":"2020-08-30T08:52:21.000Z"},{"name":"445.jpg","date":"2020-08-30T08:52:22.000Z"},{"name":"446.jpg","date":"2020-08-30T08:52:23.000Z"},{"name":"447.jpg","date":"2020-08-30T08:52:24.000Z"},{"name":"448.jpg","date":"2020-08-30T08:52:25.000Z"},{"name":"449.jpg","date":"2020-08-30T08:52:26.000Z"},{"name":"450.jpg","date":"2020-08-30T08:52:27.000Z"},{"name":"451.jpg","date":"2020-08-30T08:52:28.000Z"},{"name":"452.jpg","date":"2020-08-30T08:52:29.000Z"},{"name":"453.jpg","date":"2020-08-30T08:52:30.000Z"},{"name":"454.jpg","date":"2020-08-30T08:52:31.000Z"},{"name":"455.jpg","date":"2020-08-30T08:52:32.000Z"},{"name":"456.jpg","date":"2020-08-30T08:52:33.000Z"},{"name":"457.jpg","date":"2020-08-30T08:52:33.000Z"},{"name":"458.jpg","date":"2020-08-30T08:52:34.000Z"},{"name":"459.jpg","date":"2020-08-30T08:52:35.000Z"},{"name":"460.jpg","date":"2020-08-30T08:52:36.000Z"},{"name":"461.jpg","date":"2020-08-30T08:52:37.000Z"},{"name":"462.jpg","date":"2020-08-30T08:52:38.000Z"},{"name":"463.jpg","date":"2020-08-30T08:52:39.000Z"},{"name":"464.jpg","date":"2020-08-30T08:52:40.000Z"},{"name":"4640.jpg","date":"2020-08-30T08:52:41.000Z"},{"name":"465.jpg","date":"2020-08-30T08:52:42.000Z"},{"name":"4650.jpg","date":"2020-08-30T08:52:43.000Z"},{"name":"466.jpg","date":"2020-08-30T08:52:44.000Z"},{"name":"467.jpg","date":"2020-08-30T08:52:45.000Z"},{"name":"468.jpg","date":"2020-08-30T08:52:46.000Z"},{"name":"469.jpg","date":"2020-08-30T08:52:46.000Z"},{"name":"470.jpg","date":"2020-08-30T08:52:47.000Z"},{"name":"471.jpg","date":"2020-08-30T08:52:48.000Z"},{"name":"472.jpg","date":"2020-08-30T08:52:49.000Z"},{"name":"473.jpg","date":"2020-08-30T08:52:50.000Z"},{"name":"474.jpg","date":"2020-08-30T08:52:51.000Z"},{"name":"475.jpg","date":"2020-08-30T08:52:52.000Z"},{"name":"476.jpg","date":"2020-08-30T08:52:53.000Z"},{"name":"477.jpg","date":"2020-08-30T08:52:54.000Z"},{"name":"478.jpg","date":"2020-08-30T08:52:55.000Z"},{"name":"479.jpg","date":"2020-08-30T08:52:56.000Z"},{"name":"480.jpg","date":"2020-08-30T08:52:57.000Z"},{"name":"481.jpg","date":"2020-08-30T08:52:58.000Z"},{"name":"482.jpg","date":"2020-08-30T08:52:58.000Z"},{"name":"483.jpg","date":"2020-08-30T08:52:59.000Z"},{"name":"484.jpg","date":"2020-08-30T08:53:00.000Z"},{"name":"485.jpg","date":"2020-08-30T08:53:01.000Z"},{"name":"48505.jpg","date":"2020-08-30T08:53:02.000Z"},{"name":"48506.jpg","date":"2020-08-30T08:53:03.000Z"},{"name":"48507.jpg","date":"2020-08-30T08:53:04.000Z"},{"name":"485450.jpg","date":"2020-08-30T08:53:05.000Z"},{"name":"486.jpg","date":"2020-08-30T08:53:06.000Z"},{"name":"487.jpg","date":"2020-08-30T08:53:07.000Z"},{"name":"48705.jpg","date":"2020-08-30T08:53:08.000Z"},{"name":"48706.jpg","date":"2020-08-30T08:53:09.000Z"},{"name":"48707.jpg","date":"2020-08-30T08:53:10.000Z"},{"name":"487450.jpg","date":"2020-08-30T08:53:10.000Z"},{"name":"488.jpg","date":"2020-08-30T08:53:11.000Z"},{"name":"489.jpg","date":"2020-08-30T08:53:12.000Z"},{"name":"490.jpg","date":"2020-08-30T08:53:13.000Z"},{"name":"491.jpg","date":"2020-08-30T08:53:14.000Z"},{"name":"493.jpg","date":"2020-08-30T08:53:15.000Z"},{"name":"500.jpg","date":"2020-08-30T08:53:16.000Z"},{"name":"501.jpg","date":"2020-08-30T08:53:17.000Z"},{"name":"502.jpg","date":"2020-08-30T08:53:18.000Z"},{"name":"503.jpg","date":"2020-08-30T08:53:19.000Z"},{"name":"504.jpg","date":"2020-08-30T08:53:20.000Z"},{"name":"505.jpg","date":"2020-08-30T08:53:21.000Z"},{"name":"506.jpg","date":"2020-08-30T08:53:22.000Z"},{"name":"507.jpg","date":"2020-08-30T08:53:23.000Z"},{"name":"508.jpg","date":"2020-08-30T08:53:24.000Z"},{"name":"509.jpg","date":"2020-08-30T08:53:25.000Z"},{"name":"510.jpg","date":"2020-08-30T08:53:26.000Z"},{"name":"511.jpg","date":"2020-08-30T08:53:27.000Z"},{"name":"512.jpg","date":"2020-08-30T08:53:28.000Z"},{"name":"513.jpg","date":"2020-08-30T08:53:28.000Z"},{"name":"514.jpg","date":"2020-08-30T08:53:29.000Z"},{"name":"515.jpg","date":"2020-08-30T08:53:30.000Z"},{"name":"516.jpg","date":"2020-08-30T08:53:31.000Z"},{"name":"517.jpg","date":"2020-08-30T08:53:32.000Z"},{"name":"518.jpg","date":"2020-08-30T08:53:33.000Z"},{"name":"519.jpg","date":"2020-08-30T08:53:34.000Z"},{"name":"520.jpg","date":"2020-08-30T08:53:35.000Z"},{"name":"521.jpg","date":"2020-08-30T08:53:36.000Z"},{"name":"522.jpg","date":"2020-08-30T08:53:37.000Z"},{"name":"523.jpg","date":"2020-08-30T08:53:38.000Z"},{"name":"524.jpg","date":"2020-08-30T08:53:39.000Z"},{"name":"525.jpg","date":"2020-08-30T08:53:40.000Z"},{"name":"526.jpg","date":"2020-08-30T08:53:41.000Z"},{"name":"527.jpg","date":"2020-08-30T08:53:42.000Z"},{"name":"528.jpg","date":"2020-08-30T08:53:42.000Z"},{"name":"529.jpg","date":"2020-08-30T08:53:43.000Z"},{"name":"530.jpg","date":"2020-08-30T08:53:44.000Z"},{"name":"531.jpg","date":"2020-08-30T08:53:45.000Z"},{"name":"532.jpg","date":"2020-08-30T08:53:46.000Z"},{"name":"533.jpg","date":"2020-08-30T08:53:47.000Z"},{"name":"534.jpg","date":"2020-08-30T08:53:48.000Z"},{"name":"535.jpg","date":"2020-08-30T08:53:49.000Z"},{"name":"536.jpg","date":"2020-08-30T08:53:50.000Z"},{"name":"537.jpg","date":"2020-08-30T08:53:51.000Z"},{"name":"538.jpg","date":"2020-08-30T08:53:52.000Z"},{"name":"539.jpg","date":"2020-08-30T08:53:53.000Z"},{"name":"540.jpg","date":"2020-08-30T08:53:54.000Z"},{"name":"541.jpg","date":"2020-08-30T08:53:55.000Z"},{"name":"542.jpg","date":"2020-08-30T08:53:56.000Z"},{"name":"543.jpg","date":"2020-08-30T08:53:57.000Z"},{"name":"544.jpg","date":"2020-08-30T08:53:58.000Z"},{"name":"545.jpg","date":"2020-08-30T08:53:58.000Z"},{"name":"546.jpg","date":"2020-08-30T08:53:59.000Z"},{"name":"547.jpg","date":"2020-08-30T08:54:00.000Z"},{"name":"548.jpg","date":"2020-08-30T08:54:01.000Z"},{"name":"549.jpg","date":"2020-08-30T08:54:02.000Z"},{"name":"550.jpg","date":"2020-08-30T08:54:03.000Z"},{"name":"551.jpg","date":"2020-08-30T08:54:04.000Z"},{"name":"552.jpg","date":"2020-08-30T08:54:05.000Z"},{"name":"553.jpg","date":"2020-08-30T08:54:06.000Z"},{"name":"554.jpg","date":"2020-08-30T08:54:07.000Z"},{"name":"555.jpg","date":"2020-08-30T08:54:08.000Z"},{"name":"556.jpg","date":"2020-08-30T08:54:09.000Z"},{"name":"557.jpg","date":"2020-08-30T08:54:10.000Z"},{"name":"558.jpg","date":"2020-08-30T08:54:10.000Z"},{"name":"559.jpg","date":"2020-08-30T08:54:11.000Z"},{"name":"560.jpg","date":"2020-08-30T08:54:12.000Z"},{"name":"561.jpg","date":"2020-08-30T08:54:13.000Z"},{"name":"562.jpg","date":"2020-08-30T08:54:14.000Z"},{"name":"563.jpg","date":"2020-08-30T08:54:15.000Z"},{"name":"564.jpg","date":"2020-08-30T08:54:16.000Z"},{"name":"565.jpg","date":"2020-08-30T08:54:17.000Z"},{"name":"566.jpg","date":"2020-08-30T08:54:18.000Z"},{"name":"567.jpg","date":"2020-08-30T08:54:19.000Z"},{"name":"568.jpg","date":"2020-08-30T08:54:19.000Z"},{"name":"569.jpg","date":"2020-08-30T08:54:20.000Z"},{"name":"570.jpg","date":"2020-08-30T08:54:21.000Z"},{"name":"571.jpg","date":"2020-08-30T08:54:22.000Z"},{"name":"572.jpg","date":"2020-08-30T08:54:23.000Z"},{"name":"573.jpg","date":"2020-08-30T08:54:24.000Z"},{"name":"574.jpg","date":"2020-08-30T08:54:25.000Z"},{"name":"575.jpg","date":"2020-08-30T08:54:26.000Z"},{"name":"576.jpg","date":"2020-08-30T08:54:27.000Z"},{"name":"577.jpg","date":"2020-08-30T08:54:28.000Z"},{"name":"578.jpg","date":"2020-08-30T08:54:29.000Z"},{"name":"579.jpg","date":"2020-08-30T08:54:30.000Z"},{"name":"580.jpg","date":"2020-08-30T08:54:31.000Z"},{"name":"581.jpg","date":"2020-08-30T08:54:32.000Z"},{"name":"582.jpg","date":"2020-08-30T08:54:33.000Z"},{"name":"583.jpg","date":"2020-08-30T08:54:34.000Z"},{"name":"584.jpg","date":"2020-08-30T08:54:35.000Z"},{"name":"58501.jpg","date":"2020-08-30T08:54:35.000Z"},{"name":"58502.jpg","date":"2020-08-30T08:54:36.000Z"},{"name":"58503.jpg","date":"2020-08-30T08:54:37.000Z"},{"name":"58504.jpg","date":"2020-08-30T08:54:38.000Z"},{"name":"58505.jpg","date":"2020-08-30T08:54:39.000Z"},{"name":"600.jpg","date":"2020-08-30T08:54:40.000Z"},{"name":"6000.jpg","date":"2020-08-30T08:54:41.000Z"},{"name":"605.jpg","date":"2020-08-30T08:54:42.000Z"},{"name":"6050.jpg","date":"2020-08-30T08:54:43.000Z"},{"name":"6541.jpg","date":"2020-08-30T08:54:44.000Z"},{"name":"65411.jpg","date":"2020-08-30T08:54:45.000Z"},{"name":"6543.jpg","date":"2020-08-30T08:54:46.000Z"},{"name":"6546.jpg","date":"2020-08-30T08:54:47.000Z"},{"name":"654888.jpg","date":"2020-08-30T08:54:48.000Z"},{"name":"6549.jpg","date":"2020-08-30T08:54:49.000Z"},{"name":"687.jpg","date":"2020-08-30T08:54:49.000Z"},{"name":"6870.jpg","date":"2020-08-30T08:54:50.000Z"},{"name":"6871.jpg","date":"2020-08-30T08:54:51.000Z"},{"name":"688.jpg","date":"2020-08-30T08:54:52.000Z"},{"name":"700.jpg","date":"2020-08-30T08:54:53.000Z"},{"name":"7006.jpg","date":"2020-08-30T08:54:54.000Z"},{"name":"7090.jpg","date":"2020-11-26T10:47:40.000Z"},{"name":"7091.jpg","date":"2020-11-26T10:47:41.000Z"},{"name":"710.jpg","date":"2020-08-30T08:54:55.000Z"},{"name":"7102.jpg","date":"2020-08-30T08:54:56.000Z"},{"name":"7105.jpg","date":"2020-08-30T08:54:57.000Z"},{"name":"71051.jpg","date":"2020-08-30T08:54:58.000Z"},{"name":"71052.jpg","date":"2020-08-30T08:54:59.000Z"},{"name":"713.jpg","date":"2020-08-30T08:55:00.000Z"},{"name":"7131.jpg","date":"2020-08-30T08:55:01.000Z"},{"name":"71318.jpg","date":"2020-08-30T08:55:02.000Z"},{"name":"7132.jpg","date":"2020-11-26T10:47:43.000Z"},{"name":"7135.jpg","date":"2020-08-30T08:55:03.000Z"},{"name":"71350.jpg","date":"2020-08-30T08:55:04.000Z"},{"name":"7138.jpg","date":"2020-08-30T08:55:05.000Z"},{"name":"71380.jpg","date":"2020-08-30T08:55:06.000Z"},{"name":"719.jpg","date":"2020-08-30T08:55:07.000Z"},{"name":"723.jpg","date":"2020-08-30T08:55:08.000Z"},{"name":"7231.jpg","date":"2020-08-30T08:55:09.000Z"},{"name":"72311.jpg","date":"2020-08-30T08:55:10.000Z"},{"name":"72318.jpg","date":"2020-08-30T08:55:11.000Z"},{"name":"7233.png","date":"2020-08-30T08:55:12.000Z"},{"name":"7234.jpg","date":"2020-08-30T08:55:13.000Z"},{"name":"7235.jpg","date":"2020-08-30T08:55:14.000Z"},{"name":"7238.jpg","date":"2020-08-30T08:55:15.000Z"},{"name":"724.jpg","date":"2020-08-30T08:55:16.000Z"},{"name":"7241.jpg","date":"2020-08-30T08:55:17.000Z"},{"name":"7245.jpg","date":"2020-08-30T08:55:18.000Z"},{"name":"7248.jpg","date":"2020-08-30T08:55:19.000Z"},{"name":"725.jpg","date":"2020-08-30T08:55:20.000Z"},{"name":"725005.jpg","date":"2020-08-30T08:55:21.000Z"},{"name":"72504.jpg","date":"2020-08-30T08:55:22.000Z"},{"name":"72505.jpg","date":"2020-08-30T08:55:23.000Z"},{"name":"725500.jpg","date":"2020-08-30T08:55:24.000Z"},{"name":"731.jpg","date":"2020-08-30T08:55:25.000Z"},{"name":"73118.jpg","date":"2020-08-30T08:55:26.000Z"},{"name":"7315.jpg","date":"2020-08-30T08:55:27.000Z"},{"name":"7316.jpg","date":"2020-08-30T08:55:28.000Z"},{"name":"7317.jpg","date":"2020-08-30T08:55:29.000Z"},{"name":"7318.jpg","date":"2020-08-30T08:55:30.000Z"},{"name":"73180.jpg","date":"2020-08-30T08:55:31.000Z"},{"name":"7319.jpg","date":"2020-08-30T08:55:32.000Z"},{"name":"73190.jpg","date":"2020-08-30T08:55:32.000Z"},{"name":"732.jpg","date":"2020-08-30T08:55:33.000Z"},{"name":"733.jpg","date":"2020-08-30T08:55:34.000Z"},{"name":"7331.jpg","date":"2020-08-30T08:55:35.000Z"},{"name":"73310.jpg","date":"2020-08-30T08:55:36.000Z"},{"name":"73318.jpg","date":"2020-08-30T08:55:37.000Z"},{"name":"7335.jpg","date":"2020-08-30T08:55:38.000Z"},{"name":"7338.jpg","date":"2020-08-30T08:55:39.000Z"},{"name":"73380.jpg","date":"2020-08-30T08:55:40.000Z"},{"name":"733801.jpg","date":"2020-08-30T08:55:41.000Z"},{"name":"734.jpg","date":"2020-08-30T08:55:42.000Z"},{"name":"73510.jpg","date":"2020-08-30T08:55:43.000Z"},{"name":"736.jpg","date":"2020-08-30T08:55:44.000Z"},{"name":"7360.jpg","date":"2020-08-30T08:55:45.000Z"},{"name":"737.jpg","date":"2020-08-30T08:55:46.000Z"},{"name":"7370.jpg","date":"2020-08-30T08:55:46.000Z"},{"name":"737000.jpg","date":"2020-08-30T08:55:47.000Z"},{"name":"7374.jpg","date":"2020-08-30T08:55:48.000Z"},{"name":"738.jpg","date":"2020-08-30T08:55:49.000Z"},{"name":"7384.jpg","date":"2020-08-30T08:55:50.000Z"},{"name":"7385.jpg","date":"2020-08-30T08:55:51.000Z"},{"name":"73850.jpg","date":"2020-08-30T08:55:52.000Z"},{"name":"73851.jpg","date":"2020-08-30T08:55:53.000Z"},{"name":"738550.jpg","date":"2020-08-30T08:55:54.000Z"},{"name":"739.jpg","date":"2020-08-30T08:55:55.000Z"},{"name":"7395.jpg","date":"2020-08-30T08:55:56.000Z"},{"name":"739501.jpg","date":"2020-08-30T08:55:57.000Z"},{"name":"750.jpg","date":"2020-08-30T08:55:58.000Z"},{"name":"75025.jpg","date":"2020-08-30T08:55:58.000Z"},{"name":"7505.jpg","date":"2020-08-30T08:55:59.000Z"},{"name":"755.jpg","date":"2020-08-30T08:56:00.000Z"},{"name":"760.jpg","date":"2020-08-30T08:56:01.000Z"},{"name":"7600.jpg","date":"2020-08-30T08:56:02.000Z"},{"name":"7601.jpg","date":"2020-08-30T08:56:03.000Z"},{"name":"764.jpg","date":"2020-08-30T08:56:04.000Z"},{"name":"771.jpg","date":"2020-08-30T08:56:05.000Z"},{"name":"7712.jpg","date":"2020-08-30T08:56:06.000Z"},{"name":"781.jpg","date":"2020-08-30T08:56:07.000Z"},{"name":"78105.jpg","date":"2020-08-30T08:56:08.000Z"},{"name":"781450.jpg","date":"2020-08-30T08:56:09.000Z"},{"name":"7841.jpg","date":"2020-08-30T08:56:10.000Z"},{"name":"7851.jpg","date":"2020-08-30T08:56:10.000Z"},{"name":"7852.jpg","date":"2020-08-30T08:56:11.000Z"},{"name":"786.jpg","date":"2020-08-30T08:56:12.000Z"},{"name":"78705.jpg","date":"2020-08-30T08:56:13.000Z"},{"name":"78706.jpg","date":"2020-08-30T08:56:14.000Z"},{"name":"7871.jpg","date":"2020-08-30T08:56:15.000Z"},{"name":"787450.jpg","date":"2020-08-30T08:56:16.000Z"},{"name":"78820.jpg","date":"2020-08-30T08:56:17.000Z"},{"name":"78821.jpg","date":"2020-08-30T08:56:18.000Z"},{"name":"7905.jpg","date":"2020-08-30T08:56:19.000Z"},{"name":"7954.jpg","date":"2020-08-30T08:56:20.000Z"},{"name":"79540.jpg","date":"2020-08-30T08:56:21.000Z"},{"name":"7955.jpg","date":"2020-08-30T08:56:22.000Z"},{"name":"7956.jpg","date":"2020-08-30T08:56:23.000Z"},{"name":"79570.jpg","date":"2020-08-30T08:56:24.000Z"},{"name":"79571.jpg","date":"2020-08-30T08:56:25.000Z"},{"name":"7959.jpg","date":"2020-08-30T08:56:26.000Z"},{"name":"7971.jpg","date":"2020-08-30T08:56:26.000Z"},{"name":"7973.jpg","date":"2020-08-30T08:56:27.000Z"},{"name":"950.jpg","date":"2020-08-30T08:56:28.000Z"},{"name":"951.jpg","date":"2020-08-30T08:56:29.000Z"},{"name":"9833.jpg","date":"2020-08-30T08:56:30.000Z"},{"name":"bannersArtboard1.jpg","date":"2019-07-24T07:20:43.000Z"},{"name":"bannersArtboard2.jpg","date":"2019-07-24T07:20:40.000Z"},{"name":"bannersArtboard3.jpg","date":"2019-07-24T07:20:37.000Z"},{"name":"big_fire.png","date":"2019-05-22T09:20:09.000Z"},{"name":"big_heart.png","date":"2019-05-22T09:20:09.000Z"},{"name":"big_new.png","date":"2019-05-22T09:20:09.000Z"},{"name":"big_sale.png","date":"2019-05-22T09:20:09.000Z"},{"name":"categories.png","date":"2020-08-09T06:39:32.000Z"},{"name":"categoriesDisable.png","date":"2020-08-09T06:39:41.000Z"},{"name":"deal.png","date":"2018-01-15T12:46:46.000Z"},{"name":"deals.png","date":"2018-01-15T12:45:57.000Z"},{"name":"defaultImage.jpg","date":"2020-03-31T12:00:35.000Z"},{"name":"defaultImage.png","date":"2018-06-25T13:21:00.000Z"},{"name":"defaultImageThumb.jpg","date":"2020-03-31T12:00:47.000Z"},{"name":"fire.png","date":"2019-05-22T09:20:09.000Z"},{"name":"heart.png","date":"2019-05-22T09:20:09.000Z"},{"name":"hot.png","date":"2018-01-15T12:47:31.000Z"},{"name":"icon_mix.png","date":"2020-08-27T07:46:18.000Z"},{"name":"icon_mix_disable.png","date":"2020-08-27T07:46:24.000Z"},{"name":"icon_mylist.png","date":"2020-08-09T03:52:04.000Z"},{"name":"icon_mylist_disable.png","date":"2020-08-09T03:51:50.000Z"},{"name":"icon_new.png","date":"2020-08-09T03:52:12.000Z"},{"name":"icon_new_disable.png","date":"2020-08-09T03:52:00.000Z"},{"name":"large_logo.png","date":"2020-11-26T10:47:58.000Z"},{"name":"logo1024-1024.jpg","date":"2019-06-26T13:45:08.000Z"},{"name":"logo120-120.jpg","date":"2019-06-26T13:45:02.000Z"},{"name":"logo144-144.jpg","date":"2019-06-26T13:45:01.000Z"},{"name":"logo152-152.jpg","date":"2019-06-26T13:45:06.000Z"},{"name":"logo167-167.jpg","date":"2019-06-26T13:45:04.000Z"},{"name":"logo180-180.jpg","date":"2019-06-26T13:44:59.000Z"},{"name":"logo20-20.jpg","date":"2019-08-21T08:40:17.000Z"},{"name":"logo29-29.jpg","date":"2019-08-21T08:40:19.000Z"},{"name":"logo40-40.jpg","date":"2019-08-21T08:40:21.000Z"},{"name":"logo512-512.jpg","date":"2019-08-21T08:40:15.000Z"},{"name":"logo58-58.jpg","date":"2019-08-21T08:40:24.000Z"},{"name":"logo60-60.jpg","date":"2019-08-21T08:40:26.000Z"},{"name":"logo76-76.jpg","date":"2019-08-21T08:40:28.000Z"},{"name":"logo80-80.jpg","date":"2019-08-21T08:40:30.000Z"},{"name":"logo87-87.jpg","date":"2019-08-21T08:40:32.000Z"},{"name":"love.png","date":"2018-01-15T12:46:31.000Z"},{"name":"myItemsList.png","date":"2020-08-09T06:41:14.000Z"},{"name":"myItemsListDisable.png","date":"2020-08-09T03:51:50.000Z"},{"name":"new.png","date":"2020-08-09T06:40:23.000Z"},{"name":"newDisable.png","date":"2020-08-09T06:40:32.000Z"},{"name":"new_c.png","date":"2018-01-15T12:48:16.000Z"},{"name":"news.png","date":"2018-01-15T12:48:57.000Z"},{"name":"sale.png","date":"2020-08-09T06:41:54.000Z"},{"name":"saleDisable.png","date":"2020-08-09T06:42:06.000Z"},{"name":"small_logo.png","date":"2018-06-25T13:21:00.000Z"}]
-------

2021-02-11 13:59:31.9818|| [INFO]
 CallProcess: SyncImages.ProcessFiles+<ProcessFilesImages>d__10.MoveNext
Message: files count dirty4
-------

2021-02-11 14:00:55.7270|| [INFO]
 CallProcess: SyncImages.ProcessFiles+<ProcessFilesImages>d__10.MoveNext
Message: file 1a20351d-3419-4503-8bff-326ff7d740d0.jpg will be deleted because he is not in B2B_Items
-------

2021-02-11 14:00:55.7270|| [INFO]
 CallProcess: SyncImages.ProcessFiles.DeleteFile
Message: Deleting C:\\Development\\SyncImagesDotNet\\SyncImages\\Images\1a20351d-3419-4503-8bff-326ff7d740d0.jpg
-------

2021-02-11 14:00:55.8332|| [INFO]
 CallProcess: SyncImages.ProcessFiles+<ProcessFilesImages>d__10.MoveNext
Message: file 1cdbccfb-7bf6-4503-83b5-7627086492be.jpg will be deleted because he is not in B2B_Items
-------

2021-02-11 14:00:55.8332|| [INFO]
 CallProcess: SyncImages.ProcessFiles.DeleteFile
Message: Deleting C:\\Development\\SyncImagesDotNet\\SyncImages\\Images\1cdbccfb-7bf6-4503-83b5-7627086492be.jpg
-------

2021-02-11 14:00:55.9382|| [INFO]
 CallProcess: SyncImages.ProcessFiles+<ProcessFilesImages>d__10.MoveNext
Message: file 1df61665-58ce-45a6-ab3e-1b4a7bb1cd2e.jpg will be deleted because he is not in B2B_Items
-------

2021-02-11 14:00:55.9382|| [INFO]
 CallProcess: SyncImages.ProcessFiles.DeleteFile
Message: Deleting C:\\Development\\SyncImagesDotNet\\SyncImages\\Images\1df61665-58ce-45a6-ab3e-1b4a7bb1cd2e.jpg
-------

2021-02-11 14:02:00.2895|| [INFO]
 CallProcess: SyncImages.ProcessFiles+<ProcessFilesImages>d__10.MoveNext
Message: not thumb
-------

2021-02-11 14:02:00.3915|| [INFO]
 CallProcess: SyncImages.ProcessFiles+<ProcessFilesImages>d__10.MoveNext
Message: [{"name":"0.jpg","date":"2020-08-30T08:51:15.000Z"},{"name":"100.jpg","date":"2020-08-30T08:51:16.000Z"},{"name":"101.jpg","date":"2020-08-30T08:51:17.000Z"},{"name":"102.jpg","date":"2020-08-30T08:51:18.000Z"},{"name":"103.jpg","date":"2020-08-30T08:51:19.000Z"},{"name":"104.jpg","date":"2020-08-30T08:51:20.000Z"},{"name":"105.jpg","date":"2020-08-30T08:51:21.000Z"},{"name":"106.jpg","date":"2020-08-30T08:51:22.000Z"},{"name":"107.jpg","date":"2020-08-30T08:51:23.000Z"},{"name":"119.jpg","date":"2020-08-30T08:51:24.000Z"},{"name":"1490.jpg","date":"2020-08-30T08:51:24.000Z"},{"name":"16900.jpg","date":"2020-08-30T08:51:25.000Z"},{"name":"175.jpg","date":"2020-08-30T08:51:26.000Z"},{"name":"200.jpg","date":"2020-08-30T08:51:27.000Z"},{"name":"201.jpg","date":"2020-08-30T08:51:28.000Z"},{"name":"202.jpg","date":"2020-08-30T08:51:29.000Z"},{"name":"203.jpg","date":"2020-08-30T08:51:30.000Z"},{"name":"204.jpg","date":"2020-08-30T08:51:31.000Z"},{"name":"205.jpg","date":"2020-08-30T08:51:32.000Z"},{"name":"240.jpg","date":"2020-08-30T08:51:33.000Z"},{"name":"300.jpg","date":"2020-08-30T08:51:34.000Z"},{"name":"301.jpg","date":"2020-08-30T08:51:35.000Z"},{"name":"302.jpg","date":"2020-08-30T08:51:36.000Z"},{"name":"360.jpg","date":"2020-08-30T08:51:36.000Z"},{"name":"3600.jpg","date":"2020-08-30T08:51:37.000Z"},{"name":"3601.jpg","date":"2020-08-30T08:51:38.000Z"},{"name":"395.jpg","date":"2020-08-30T08:51:39.000Z"},{"name":"400.jpg","date":"2020-08-30T08:51:40.000Z"},{"name":"401.jpg","date":"2020-08-30T08:51:41.000Z"},{"name":"402.jpg","date":"2020-08-30T08:51:42.000Z"},{"name":"403.jpg","date":"2020-08-30T08:51:43.000Z"},{"name":"404.jpg","date":"2020-08-30T08:51:44.000Z"},{"name":"405.jpg","date":"2020-08-30T08:51:45.000Z"},{"name":"406.jpg","date":"2020-08-30T08:51:46.000Z"},{"name":"407.jpg","date":"2020-08-30T08:51:46.000Z"},{"name":"408.jpg","date":"2020-08-30T08:51:47.000Z"},{"name":"409.jpg","date":"2020-08-30T08:51:48.000Z"},{"name":"410.jpg","date":"2020-08-30T08:51:49.000Z"},{"name":"411.jpg","date":"2020-08-30T08:51:50.000Z"},{"name":"412.jpg","date":"2020-08-30T08:51:51.000Z"},{"name":"413.jpg","date":"2020-08-30T08:51:52.000Z"},{"name":"414.jpg","date":"2020-08-30T08:51:53.000Z"},{"name":"415.jpg","date":"2020-08-30T08:51:54.000Z"},{"name":"416.jpg","date":"2020-08-30T08:51:55.000Z"},{"name":"417.jpg","date":"2020-08-30T08:51:56.000Z"},{"name":"418.jpg","date":"2020-08-30T08:51:57.000Z"},{"name":"419.jpg","date":"2020-08-30T08:51:58.000Z"},{"name":"420.jpg","date":"2020-08-30T08:51:58.000Z"},{"name":"421.jpg","date":"2020-08-30T08:51:59.000Z"},{"name":"422.jpg","date":"2020-08-30T08:52:00.000Z"},{"name":"423.jpg","date":"2020-08-30T08:52:01.000Z"},{"name":"424.jpg","date":"2020-08-30T08:52:02.000Z"},{"name":"4240.jpg","date":"2020-08-30T08:52:03.000Z"},{"name":"4241.jpg","date":"2020-08-30T08:52:04.000Z"},{"name":"4242.jpg","date":"2020-11-26T10:47:15.000Z"},{"name":"425.jpg","date":"2020-08-30T08:52:05.000Z"},{"name":"426.jpg","date":"2020-08-30T08:52:06.000Z"},{"name":"427.jpg","date":"2020-08-30T08:52:07.000Z"},{"name":"428.jpg","date":"2020-08-30T08:52:08.000Z"},{"name":"429.jpg","date":"2020-08-30T08:52:09.000Z"},{"name":"430.JPG","date":"2020-08-30T08:52:09.000Z"},{"name":"431.jpg","date":"2020-08-30T08:52:10.000Z"},{"name":"432.jpg","date":"2020-08-30T08:52:11.000Z"},{"name":"434.jpg","date":"2020-08-30T08:52:12.000Z"},{"name":"435.jpg","date":"2020-08-30T08:52:13.000Z"},{"name":"436.jpg","date":"2020-08-30T08:52:14.000Z"},{"name":"437.jpg","date":"2020-08-30T08:52:15.000Z"},{"name":"438.jpg","date":"2020-08-30T08:52:16.000Z"},{"name":"439.jpg","date":"2020-08-30T08:52:17.000Z"},{"name":"440.jpg","date":"2020-08-30T08:52:18.000Z"},{"name":"441.jpg","date":"2020-08-30T08:52:19.000Z"},{"name":"442.jpg","date":"2020-08-30T08:52:20.000Z"},{"name":"443.jpg","date":"2020-08-30T08:52:21.000Z"},{"name":"444.jpg","date":"2020-08-30T08:52:21.000Z"},{"name":"445.jpg","date":"2020-08-30T08:52:22.000Z"},{"name":"446.jpg","date":"2020-08-30T08:52:23.000Z"},{"name":"447.jpg","date":"2020-08-30T08:52:24.000Z"},{"name":"448.jpg","date":"2020-08-30T08:52:25.000Z"},{"name":"449.jpg","date":"2020-08-30T08:52:26.000Z"},{"name":"450.jpg","date":"2020-08-30T08:52:27.000Z"},{"name":"451.jpg","date":"2020-08-30T08:52:28.000Z"},{"name":"452.jpg","date":"2020-08-30T08:52:29.000Z"},{"name":"453.jpg","date":"2020-08-30T08:52:30.000Z"},{"name":"454.jpg","date":"2020-08-30T08:52:31.000Z"},{"name":"455.jpg","date":"2020-08-30T08:52:32.000Z"},{"name":"456.jpg","date":"2020-08-30T08:52:33.000Z"},{"name":"457.jpg","date":"2020-08-30T08:52:33.000Z"},{"name":"458.jpg","date":"2020-08-30T08:52:34.000Z"},{"name":"459.jpg","date":"2020-08-30T08:52:35.000Z"},{"name":"460.jpg","date":"2020-08-30T08:52:36.000Z"},{"name":"461.jpg","date":"2020-08-30T08:52:37.000Z"},{"name":"462.jpg","date":"2020-08-30T08:52:38.000Z"},{"name":"463.jpg","date":"2020-08-30T08:52:39.000Z"},{"name":"464.jpg","date":"2020-08-30T08:52:40.000Z"},{"name":"4640.jpg","date":"2020-08-30T08:52:41.000Z"},{"name":"465.jpg","date":"2020-08-30T08:52:42.000Z"},{"name":"4650.jpg","date":"2020-08-30T08:52:43.000Z"},{"name":"466.jpg","date":"2020-08-30T08:52:44.000Z"},{"name":"467.jpg","date":"2020-08-30T08:52:45.000Z"},{"name":"468.jpg","date":"2020-08-30T08:52:46.000Z"},{"name":"469.jpg","date":"2020-08-30T08:52:46.000Z"},{"name":"470.jpg","date":"2020-08-30T08:52:47.000Z"},{"name":"471.jpg","date":"2020-08-30T08:52:48.000Z"},{"name":"472.jpg","date":"2020-08-30T08:52:49.000Z"},{"name":"473.jpg","date":"2020-08-30T08:52:50.000Z"},{"name":"474.jpg","date":"2020-08-30T08:52:51.000Z"},{"name":"475.jpg","date":"2020-08-30T08:52:52.000Z"},{"name":"476.jpg","date":"2020-08-30T08:52:53.000Z"},{"name":"477.jpg","date":"2020-08-30T08:52:54.000Z"},{"name":"478.jpg","date":"2020-08-30T08:52:55.000Z"},{"name":"479.jpg","date":"2020-08-30T08:52:56.000Z"},{"name":"480.jpg","date":"2020-08-30T08:52:57.000Z"},{"name":"481.jpg","date":"2020-08-30T08:52:58.000Z"},{"name":"482.jpg","date":"2020-08-30T08:52:58.000Z"},{"name":"483.jpg","date":"2020-08-30T08:52:59.000Z"},{"name":"484.jpg","date":"2020-08-30T08:53:00.000Z"},{"name":"485.jpg","date":"2020-08-30T08:53:01.000Z"},{"name":"48505.jpg","date":"2020-08-30T08:53:02.000Z"},{"name":"48506.jpg","date":"2020-08-30T08:53:03.000Z"},{"name":"48507.jpg","date":"2020-08-30T08:53:04.000Z"},{"name":"485450.jpg","date":"2020-08-30T08:53:05.000Z"},{"name":"486.jpg","date":"2020-08-30T08:53:06.000Z"},{"name":"487.jpg","date":"2020-08-30T08:53:07.000Z"},{"name":"48705.jpg","date":"2020-08-30T08:53:08.000Z"},{"name":"48706.jpg","date":"2020-08-30T08:53:09.000Z"},{"name":"48707.jpg","date":"2020-08-30T08:53:10.000Z"},{"name":"487450.jpg","date":"2020-08-30T08:53:10.000Z"},{"name":"488.jpg","date":"2020-08-30T08:53:11.000Z"},{"name":"489.jpg","date":"2020-08-30T08:53:12.000Z"},{"name":"490.jpg","date":"2020-08-30T08:53:13.000Z"},{"name":"491.jpg","date":"2020-08-30T08:53:14.000Z"},{"name":"493.jpg","date":"2020-08-30T08:53:15.000Z"},{"name":"500.jpg","date":"2020-08-30T08:53:16.000Z"},{"name":"501.jpg","date":"2020-08-30T08:53:17.000Z"},{"name":"502.jpg","date":"2020-08-30T08:53:18.000Z"},{"name":"503.jpg","date":"2020-08-30T08:53:19.000Z"},{"name":"504.jpg","date":"2020-08-30T08:53:20.000Z"},{"name":"505.jpg","date":"2020-08-30T08:53:21.000Z"},{"name":"506.jpg","date":"2020-08-30T08:53:22.000Z"},{"name":"507.jpg","date":"2020-08-30T08:53:23.000Z"},{"name":"508.jpg","date":"2020-08-30T08:53:24.000Z"},{"name":"509.jpg","date":"2020-08-30T08:53:25.000Z"},{"name":"510.jpg","date":"2020-08-30T08:53:26.000Z"},{"name":"511.jpg","date":"2020-08-30T08:53:27.000Z"},{"name":"512.jpg","date":"2020-08-30T08:53:28.000Z"},{"name":"513.jpg","date":"2020-08-30T08:53:28.000Z"},{"name":"514.jpg","date":"2020-08-30T08:53:29.000Z"},{"name":"515.jpg","date":"2020-08-30T08:53:30.000Z"},{"name":"516.jpg","date":"2020-08-30T08:53:31.000Z"},{"name":"517.jpg","date":"2020-08-30T08:53:32.000Z"},{"name":"518.jpg","date":"2020-08-30T08:53:33.000Z"},{"name":"519.jpg","date":"2020-08-30T08:53:34.000Z"},{"name":"520.jpg","date":"2020-08-30T08:53:35.000Z"},{"name":"521.jpg","date":"2020-08-30T08:53:36.000Z"},{"name":"522.jpg","date":"2020-08-30T08:53:37.000Z"},{"name":"523.jpg","date":"2020-08-30T08:53:38.000Z"},{"name":"524.jpg","date":"2020-08-30T08:53:39.000Z"},{"name":"525.jpg","date":"2020-08-30T08:53:40.000Z"},{"name":"526.jpg","date":"2020-08-30T08:53:41.000Z"},{"name":"527.jpg","date":"2020-08-30T08:53:42.000Z"},{"name":"528.jpg","date":"2020-08-30T08:53:42.000Z"},{"name":"529.jpg","date":"2020-08-30T08:53:43.000Z"},{"name":"530.jpg","date":"2020-08-30T08:53:44.000Z"},{"name":"531.jpg","date":"2020-08-30T08:53:45.000Z"},{"name":"532.jpg","date":"2020-08-30T08:53:46.000Z"},{"name":"533.jpg","date":"2020-08-30T08:53:47.000Z"},{"name":"534.jpg","date":"2020-08-30T08:53:48.000Z"},{"name":"535.jpg","date":"2020-08-30T08:53:49.000Z"},{"name":"536.jpg","date":"2020-08-30T08:53:50.000Z"},{"name":"537.jpg","date":"2020-08-30T08:53:51.000Z"},{"name":"538.jpg","date":"2020-08-30T08:53:52.000Z"},{"name":"539.jpg","date":"2020-08-30T08:53:53.000Z"},{"name":"540.jpg","date":"2020-08-30T08:53:54.000Z"},{"name":"541.jpg","date":"2020-08-30T08:53:55.000Z"},{"name":"542.jpg","date":"2020-08-30T08:53:56.000Z"},{"name":"543.jpg","date":"2020-08-30T08:53:57.000Z"},{"name":"544.jpg","date":"2020-08-30T08:53:58.000Z"},{"name":"545.jpg","date":"2020-08-30T08:53:58.000Z"},{"name":"546.jpg","date":"2020-08-30T08:53:59.000Z"},{"name":"547.jpg","date":"2020-08-30T08:54:00.000Z"},{"name":"548.jpg","date":"2020-08-30T08:54:01.000Z"},{"name":"549.jpg","date":"2020-08-30T08:54:02.000Z"},{"name":"550.jpg","date":"2020-08-30T08:54:03.000Z"},{"name":"551.jpg","date":"2020-08-30T08:54:04.000Z"},{"name":"552.jpg","date":"2020-08-30T08:54:05.000Z"},{"name":"553.jpg","date":"2020-08-30T08:54:06.000Z"},{"name":"554.jpg","date":"2020-08-30T08:54:07.000Z"},{"name":"555.jpg","date":"2020-08-30T08:54:08.000Z"},{"name":"556.jpg","date":"2020-08-30T08:54:09.000Z"},{"name":"557.jpg","date":"2020-08-30T08:54:10.000Z"},{"name":"558.jpg","date":"2020-08-30T08:54:10.000Z"},{"name":"559.jpg","date":"2020-08-30T08:54:11.000Z"},{"name":"560.jpg","date":"2020-08-30T08:54:12.000Z"},{"name":"561.jpg","date":"2020-08-30T08:54:13.000Z"},{"name":"562.jpg","date":"2020-08-30T08:54:14.000Z"},{"name":"563.jpg","date":"2020-08-30T08:54:15.000Z"},{"name":"564.jpg","date":"2020-08-30T08:54:16.000Z"},{"name":"565.jpg","date":"2020-08-30T08:54:17.000Z"},{"name":"566.jpg","date":"2020-08-30T08:54:18.000Z"},{"name":"567.jpg","date":"2020-08-30T08:54:19.000Z"},{"name":"568.jpg","date":"2020-08-30T08:54:19.000Z"},{"name":"569.jpg","date":"2020-08-30T08:54:20.000Z"},{"name":"570.jpg","date":"2020-08-30T08:54:21.000Z"},{"name":"571.jpg","date":"2020-08-30T08:54:22.000Z"},{"name":"572.jpg","date":"2020-08-30T08:54:23.000Z"},{"name":"573.jpg","date":"2020-08-30T08:54:24.000Z"},{"name":"574.jpg","date":"2020-08-30T08:54:25.000Z"},{"name":"575.jpg","date":"2020-08-30T08:54:26.000Z"},{"name":"576.jpg","date":"2020-08-30T08:54:27.000Z"},{"name":"577.jpg","date":"2020-08-30T08:54:28.000Z"},{"name":"578.jpg","date":"2020-08-30T08:54:29.000Z"},{"name":"579.jpg","date":"2020-08-30T08:54:30.000Z"},{"name":"580.jpg","date":"2020-08-30T08:54:31.000Z"},{"name":"581.jpg","date":"2020-08-30T08:54:32.000Z"},{"name":"582.jpg","date":"2020-08-30T08:54:33.000Z"},{"name":"583.jpg","date":"2020-08-30T08:54:34.000Z"},{"name":"584.jpg","date":"2020-08-30T08:54:35.000Z"},{"name":"58501.jpg","date":"2020-08-30T08:54:35.000Z"},{"name":"58502.jpg","date":"2020-08-30T08:54:36.000Z"},{"name":"58503.jpg","date":"2020-08-30T08:54:37.000Z"},{"name":"58504.jpg","date":"2020-08-30T08:54:38.000Z"},{"name":"58505.jpg","date":"2020-08-30T08:54:39.000Z"},{"name":"600.jpg","date":"2020-08-30T08:54:40.000Z"},{"name":"6000.jpg","date":"2020-08-30T08:54:41.000Z"},{"name":"605.jpg","date":"2020-08-30T08:54:42.000Z"},{"name":"6050.jpg","date":"2020-08-30T08:54:43.000Z"},{"name":"6541.jpg","date":"2020-08-30T08:54:44.000Z"},{"name":"65411.jpg","date":"2020-08-30T08:54:45.000Z"},{"name":"6543.jpg","date":"2020-08-30T08:54:46.000Z"},{"name":"6546.jpg","date":"2020-08-30T08:54:47.000Z"},{"name":"654888.jpg","date":"2020-08-30T08:54:48.000Z"},{"name":"6549.jpg","date":"2020-08-30T08:54:49.000Z"},{"name":"687.jpg","date":"2020-08-30T08:54:49.000Z"},{"name":"6870.jpg","date":"2020-08-30T08:54:50.000Z"},{"name":"6871.jpg","date":"2020-08-30T08:54:51.000Z"},{"name":"688.jpg","date":"2020-08-30T08:54:52.000Z"},{"name":"700.jpg","date":"2020-08-30T08:54:53.000Z"},{"name":"7006.jpg","date":"2020-08-30T08:54:54.000Z"},{"name":"7090.jpg","date":"2020-11-26T10:47:40.000Z"},{"name":"7091.jpg","date":"2020-11-26T10:47:41.000Z"},{"name":"710.jpg","date":"2020-08-30T08:54:55.000Z"},{"name":"7102.jpg","date":"2020-08-30T08:54:56.000Z"},{"name":"7105.jpg","date":"2020-08-30T08:54:57.000Z"},{"name":"71051.jpg","date":"2020-08-30T08:54:58.000Z"},{"name":"71052.jpg","date":"2020-08-30T08:54:59.000Z"},{"name":"713.jpg","date":"2020-08-30T08:55:00.000Z"},{"name":"7131.jpg","date":"2020-08-30T08:55:01.000Z"},{"name":"71318.jpg","date":"2020-08-30T08:55:02.000Z"},{"name":"7132.jpg","date":"2020-11-26T10:47:43.000Z"},{"name":"7135.jpg","date":"2020-08-30T08:55:03.000Z"},{"name":"71350.jpg","date":"2020-08-30T08:55:04.000Z"},{"name":"7138.jpg","date":"2020-08-30T08:55:05.000Z"},{"name":"71380.jpg","date":"2020-08-30T08:55:06.000Z"},{"name":"719.jpg","date":"2020-08-30T08:55:07.000Z"},{"name":"723.jpg","date":"2020-08-30T08:55:08.000Z"},{"name":"7231.jpg","date":"2020-08-30T08:55:09.000Z"},{"name":"72311.jpg","date":"2020-08-30T08:55:10.000Z"},{"name":"72318.jpg","date":"2020-08-30T08:55:11.000Z"},{"name":"7233.png","date":"2020-08-30T08:55:12.000Z"},{"name":"7234.jpg","date":"2020-08-30T08:55:13.000Z"},{"name":"7235.jpg","date":"2020-08-30T08:55:14.000Z"},{"name":"7238.jpg","date":"2020-08-30T08:55:15.000Z"},{"name":"724.jpg","date":"2020-08-30T08:55:16.000Z"},{"name":"7241.jpg","date":"2020-08-30T08:55:17.000Z"},{"name":"7245.jpg","date":"2020-08-30T08:55:18.000Z"},{"name":"7248.jpg","date":"2020-08-30T08:55:19.000Z"},{"name":"725.jpg","date":"2020-08-30T08:55:20.000Z"},{"name":"725005.jpg","date":"2020-08-30T08:55:21.000Z"},{"name":"72504.jpg","date":"2020-08-30T08:55:22.000Z"},{"name":"72505.jpg","date":"2020-08-30T08:55:23.000Z"},{"name":"725500.jpg","date":"2020-08-30T08:55:24.000Z"},{"name":"731.jpg","date":"2020-08-30T08:55:25.000Z"},{"name":"73118.jpg","date":"2020-08-30T08:55:26.000Z"},{"name":"7315.jpg","date":"2020-08-30T08:55:27.000Z"},{"name":"7316.jpg","date":"2020-08-30T08:55:28.000Z"},{"name":"7317.jpg","date":"2020-08-30T08:55:29.000Z"},{"name":"7318.jpg","date":"2020-08-30T08:55:30.000Z"},{"name":"73180.jpg","date":"2020-08-30T08:55:31.000Z"},{"name":"7319.jpg","date":"2020-08-30T08:55:32.000Z"},{"name":"73190.jpg","date":"2020-08-30T08:55:32.000Z"},{"name":"732.jpg","date":"2020-08-30T08:55:33.000Z"},{"name":"733.jpg","date":"2020-08-30T08:55:34.000Z"},{"name":"7331.jpg","date":"2020-08-30T08:55:35.000Z"},{"name":"73310.jpg","date":"2020-08-30T08:55:36.000Z"},{"name":"73318.jpg","date":"2020-08-30T08:55:37.000Z"},{"name":"7335.jpg","date":"2020-08-30T08:55:38.000Z"},{"name":"7338.jpg","date":"2020-08-30T08:55:39.000Z"},{"name":"73380.jpg","date":"2020-08-30T08:55:40.000Z"},{"name":"733801.jpg","date":"2020-08-30T08:55:41.000Z"},{"name":"734.jpg","date":"2020-08-30T08:55:42.000Z"},{"name":"73510.jpg","date":"2020-08-30T08:55:43.000Z"},{"name":"736.jpg","date":"2020-08-30T08:55:44.000Z"},{"name":"7360.jpg","date":"2020-08-30T08:55:45.000Z"},{"name":"737.jpg","date":"2020-08-30T08:55:46.000Z"},{"name":"7370.jpg","date":"2020-08-30T08:55:46.000Z"},{"name":"737000.jpg","date":"2020-08-30T08:55:47.000Z"},{"name":"7374.jpg","date":"2020-08-30T08:55:48.000Z"},{"name":"738.jpg","date":"2020-08-30T08:55:49.000Z"},{"name":"7384.jpg","date":"2020-08-30T08:55:50.000Z"},{"name":"7385.jpg","date":"2020-08-30T08:55:51.000Z"},{"name":"73850.jpg","date":"2020-08-30T08:55:52.000Z"},{"name":"73851.jpg","date":"2020-08-30T08:55:53.000Z"},{"name":"738550.jpg","date":"2020-08-30T08:55:54.000Z"},{"name":"739.jpg","date":"2020-08-30T08:55:55.000Z"},{"name":"7395.jpg","date":"2020-08-30T08:55:56.000Z"},{"name":"739501.jpg","date":"2020-08-30T08:55:57.000Z"},{"name":"750.jpg","date":"2020-08-30T08:55:58.000Z"},{"name":"75025.jpg","date":"2020-08-30T08:55:58.000Z"},{"name":"7505.jpg","date":"2020-08-30T08:55:59.000Z"},{"name":"755.jpg","date":"2020-08-30T08:56:00.000Z"},{"name":"760.jpg","date":"2020-08-30T08:56:01.000Z"},{"name":"7600.jpg","date":"2020-08-30T08:56:02.000Z"},{"name":"7601.jpg","date":"2020-08-30T08:56:03.000Z"},{"name":"764.jpg","date":"2020-08-30T08:56:04.000Z"},{"name":"771.jpg","date":"2020-08-30T08:56:05.000Z"},{"name":"7712.jpg","date":"2020-08-30T08:56:06.000Z"},{"name":"781.jpg","date":"2020-08-30T08:56:07.000Z"},{"name":"78105.jpg","date":"2020-08-30T08:56:08.000Z"},{"name":"781450.jpg","date":"2020-08-30T08:56:09.000Z"},{"name":"7841.jpg","date":"2020-08-30T08:56:10.000Z"},{"name":"7851.jpg","date":"2020-08-30T08:56:10.000Z"},{"name":"7852.jpg","date":"2020-08-30T08:56:11.000Z"},{"name":"786.jpg","date":"2020-08-30T08:56:12.000Z"},{"name":"78705.jpg","date":"2020-08-30T08:56:13.000Z"},{"name":"78706.jpg","date":"2020-08-30T08:56:14.000Z"},{"name":"7871.jpg","date":"2020-08-30T08:56:15.000Z"},{"name":"787450.jpg","date":"2020-08-30T08:56:16.000Z"},{"name":"78820.jpg","date":"2020-08-30T08:56:17.000Z"},{"name":"78821.jpg","date":"2020-08-30T08:56:18.000Z"},{"name":"7905.jpg","date":"2020-08-30T08:56:19.000Z"},{"name":"7954.jpg","date":"2020-08-30T08:56:20.000Z"},{"name":"79540.jpg","date":"2020-08-30T08:56:21.000Z"},{"name":"7955.jpg","date":"2020-08-30T08:56:22.000Z"},{"name":"7956.jpg","date":"2020-08-30T08:56:23.000Z"},{"name":"79570.jpg","date":"2020-08-30T08:56:24.000Z"},{"name":"79571.jpg","date":"2020-08-30T08:56:25.000Z"},{"name":"7959.jpg","date":"2020-08-30T08:56:26.000Z"},{"name":"7971.jpg","date":"2020-08-30T08:56:26.000Z"},{"name":"7973.jpg","date":"2020-08-30T08:56:27.000Z"},{"name":"950.jpg","date":"2020-08-30T08:56:28.000Z"},{"name":"951.jpg","date":"2020-08-30T08:56:29.000Z"},{"name":"9833.jpg","date":"2020-08-30T08:56:30.000Z"},{"name":"bannersArtboard1.jpg","date":"2019-07-24T07:20:43.000Z"},{"name":"bannersArtboard2.jpg","date":"2019-07-24T07:20:40.000Z"},{"name":"bannersArtboard3.jpg","date":"2019-07-24T07:20:37.000Z"},{"name":"big_fire.png","date":"2019-05-22T09:20:09.000Z"},{"name":"big_heart.png","date":"2019-05-22T09:20:09.000Z"},{"name":"big_new.png","date":"2019-05-22T09:20:09.000Z"},{"name":"big_sale.png","date":"2019-05-22T09:20:09.000Z"},{"name":"categories.png","date":"2020-08-09T06:39:32.000Z"},{"name":"categoriesDisable.png","date":"2020-08-09T06:39:41.000Z"},{"name":"deal.png","date":"2018-01-15T12:46:46.000Z"},{"name":"deals.png","date":"2018-01-15T12:45:57.000Z"},{"name":"defaultImage.jpg","date":"2020-03-31T12:00:35.000Z"},{"name":"defaultImage.png","date":"2018-06-25T13:21:00.000Z"},{"name":"defaultImageThumb.jpg","date":"2020-03-31T12:00:47.000Z"},{"name":"fire.png","date":"2019-05-22T09:20:09.000Z"},{"name":"heart.png","date":"2019-05-22T09:20:09.000Z"},{"name":"hot.png","date":"2018-01-15T12:47:31.000Z"},{"name":"icon_mix.png","date":"2020-08-27T07:46:18.000Z"},{"name":"icon_mix_disable.png","date":"2020-08-27T07:46:24.000Z"},{"name":"icon_mylist.png","date":"2020-08-09T03:52:04.000Z"},{"name":"icon_mylist_disable.png","date":"2020-08-09T03:51:50.000Z"},{"name":"icon_new.png","date":"2020-08-09T03:52:12.000Z"},{"name":"icon_new_disable.png","date":"2020-08-09T03:52:00.000Z"},{"name":"large_logo.png","date":"2020-11-26T10:47:58.000Z"},{"name":"logo1024-1024.jpg","date":"2019-06-26T13:45:08.000Z"},{"name":"logo120-120.jpg","date":"2019-06-26T13:45:02.000Z"},{"name":"logo144-144.jpg","date":"2019-06-26T13:45:01.000Z"},{"name":"logo152-152.jpg","date":"2019-06-26T13:45:06.000Z"},{"name":"logo167-167.jpg","date":"2019-06-26T13:45:04.000Z"},{"name":"logo180-180.jpg","date":"2019-06-26T13:44:59.000Z"},{"name":"logo20-20.jpg","date":"2019-08-21T08:40:17.000Z"},{"name":"logo29-29.jpg","date":"2019-08-21T08:40:19.000Z"},{"name":"logo40-40.jpg","date":"2019-08-21T08:40:21.000Z"},{"name":"logo512-512.jpg","date":"2019-08-21T08:40:15.000Z"},{"name":"logo58-58.jpg","date":"2019-08-21T08:40:24.000Z"},{"name":"logo60-60.jpg","date":"2019-08-21T08:40:26.000Z"},{"name":"logo76-76.jpg","date":"2019-08-21T08:40:28.000Z"},{"name":"logo80-80.jpg","date":"2019-08-21T08:40:30.000Z"},{"name":"logo87-87.jpg","date":"2019-08-21T08:40:32.000Z"},{"name":"love.png","date":"2018-01-15T12:46:31.000Z"},{"name":"myItemsList.png","date":"2020-08-09T06:41:14.000Z"},{"name":"myItemsListDisable.png","date":"2020-08-09T03:51:50.000Z"},{"name":"new.png","date":"2020-08-09T06:40:23.000Z"},{"name":"newDisable.png","date":"2020-08-09T06:40:32.000Z"},{"name":"new_c.png","date":"2018-01-15T12:48:16.000Z"},{"name":"news.png","date":"2018-01-15T12:48:57.000Z"},{"name":"sale.png","date":"2020-08-09T06:41:54.000Z"},{"name":"saleDisable.png","date":"2020-08-09T06:42:06.000Z"},{"name":"small_logo.png","date":"2018-06-25T13:21:00.000Z"}]
-------

2021-02-11 14:02:01.3127|| [INFO]
 CallProcess: SyncImages.ProcessFiles+<ProcessFilesImages>d__10.MoveNext
Message: files count dirty19
-------

2021-02-11 14:02:05.5221|| [INFO]
 CallProcess: SyncImages.ProcessFiles+<ProcessFilesImages>d__10.MoveNext
Message: file 10011.jpg will be deleted because he is not in B2B_Items
-------

2021-02-11 14:02:05.5221|| [INFO]
 CallProcess: SyncImages.ProcessFiles.DeleteFile
Message: Deleting C:\\Development\\SyncImagesDotNet\\SyncImages\\Images\10011.jpg
-------

2021-02-11 14:02:05.6259|| [INFO]
 CallProcess: SyncImages.ProcessFiles+<ProcessFilesImages>d__10.MoveNext
Message: file 10012.jpg will be deleted because he is not in B2B_Items
-------

2021-02-11 14:02:05.6259|| [INFO]
 CallProcess: SyncImages.ProcessFiles.DeleteFile
Message: Deleting C:\\Development\\SyncImagesDotNet\\SyncImages\\Images\10012.jpg
-------

2021-02-11 14:02:05.7319|| [INFO]
 CallProcess: SyncImages.ProcessFiles+<ProcessFilesImages>d__10.MoveNext
Message: file 10162.JPG will be deleted because he is not in B2B_Items
-------

2021-02-11 14:02:05.7319|| [INFO]
 CallProcess: SyncImages.ProcessFiles.DeleteFile
Message: Deleting C:\\Development\\SyncImagesDotNet\\SyncImages\\Images\10162.JPG
-------

2021-02-11 14:02:05.8359|| [INFO]
 CallProcess: SyncImages.ProcessFiles+<ProcessFilesImages>d__10.MoveNext
Message: file 10169.jpg will be deleted because he is not in B2B_Items
-------

2021-02-11 14:02:05.8359|| [INFO]
 CallProcess: SyncImages.ProcessFiles.DeleteFile
Message: Deleting C:\\Development\\SyncImagesDotNet\\SyncImages\\Images\10169.jpg
-------

2021-02-11 14:02:05.9400|| [INFO]
 CallProcess: SyncImages.ProcessFiles+<ProcessFilesImages>d__10.MoveNext
Message: file 10271_500.png will be deleted because he is not in B2B_Items
-------

2021-02-11 14:02:05.9420|| [INFO]
 CallProcess: SyncImages.ProcessFiles.DeleteFile
Message: Deleting C:\\Development\\SyncImagesDotNet\\SyncImages\\Images\10271_500.png
-------

2021-02-11 14:02:06.0440|| [INFO]
 CallProcess: SyncImages.ProcessFiles+<ProcessFilesImages>d__10.MoveNext
Message: file 10272_500.png will be deleted because he is not in B2B_Items
-------

2021-02-11 14:02:06.0440|| [INFO]
 CallProcess: SyncImages.ProcessFiles.DeleteFile
Message: Deleting C:\\Development\\SyncImagesDotNet\\SyncImages\\Images\10272_500.png
-------

2021-02-11 14:02:06.1470|| [INFO]
 CallProcess: SyncImages.ProcessFiles+<ProcessFilesImages>d__10.MoveNext
Message: file 10273_500.png will be deleted because he is not in B2B_Items
-------

2021-02-11 14:02:06.1470|| [INFO]
 CallProcess: SyncImages.ProcessFiles.DeleteFile
Message: Deleting C:\\Development\\SyncImagesDotNet\\SyncImages\\Images\10273_500.png
-------

2021-02-11 14:02:06.2501|| [INFO]
 CallProcess: SyncImages.ProcessFiles+<ProcessFilesImages>d__10.MoveNext
Message: file 10274_500.png will be deleted because he is not in B2B_Items
-------

2021-02-11 14:02:06.2501|| [INFO]
 CallProcess: SyncImages.ProcessFiles.DeleteFile
Message: Deleting C:\\Development\\SyncImagesDotNet\\SyncImages\\Images\10274_500.png
-------

2021-02-11 14:02:06.3550|| [INFO]
 CallProcess: SyncImages.ProcessFiles+<ProcessFilesImages>d__10.MoveNext
Message: file 10275.jpg will be deleted because he is not in B2B_Items
-------

2021-02-11 14:02:06.3550|| [INFO]
 CallProcess: SyncImages.ProcessFiles.DeleteFile
Message: Deleting C:\\Development\\SyncImagesDotNet\\SyncImages\\Images\10275.jpg
-------

2021-02-11 14:02:06.4681|| [INFO]
 CallProcess: SyncImages.ProcessFiles+<ProcessFilesImages>d__10.MoveNext
Message: file 10275_500.png will be deleted because he is not in B2B_Items
-------

2021-02-11 14:02:06.4681|| [INFO]
 CallProcess: SyncImages.ProcessFiles.DeleteFile
Message: Deleting C:\\Development\\SyncImagesDotNet\\SyncImages\\Images\10275_500.png
-------

2021-02-11 14:02:06.5739|| [INFO]
 CallProcess: SyncImages.ProcessFiles+<ProcessFilesImages>d__10.MoveNext
Message: file 9988.jpg will be deleted because he is not in B2B_Items
-------

2021-02-11 14:02:06.5739|| [INFO]
 CallProcess: SyncImages.ProcessFiles.DeleteFile
Message: Deleting C:\\Development\\SyncImagesDotNet\\SyncImages\\Images\9988.jpg
-------

2021-02-11 14:02:06.6791|| [INFO]
 CallProcess: SyncImages.ProcessFiles+<ProcessFilesImages>d__10.MoveNext
Message: file 9990.jpg will be deleted because he is not in B2B_Items
-------

2021-02-11 14:02:06.6791|| [INFO]
 CallProcess: SyncImages.ProcessFiles.DeleteFile
Message: Deleting C:\\Development\\SyncImagesDotNet\\SyncImages\\Images\9990.jpg
-------

2021-02-11 14:02:06.7841|| [INFO]
 CallProcess: SyncImages.ProcessFiles+<ProcessFilesImages>d__10.MoveNext
Message: file 9991.jpg will be deleted because he is not in B2B_Items
-------

2021-02-11 14:02:06.7861|| [INFO]
 CallProcess: SyncImages.ProcessFiles.DeleteFile
Message: Deleting C:\\Development\\SyncImagesDotNet\\SyncImages\\Images\9991.jpg
-------

2021-02-11 14:02:06.8891|| [INFO]
 CallProcess: SyncImages.ProcessFiles+<ProcessFilesImages>d__10.MoveNext
Message: file 9992.jpg will be deleted because he is not in B2B_Items
-------

2021-02-11 14:02:06.8891|| [INFO]
 CallProcess: SyncImages.ProcessFiles.DeleteFile
Message: Deleting C:\\Development\\SyncImagesDotNet\\SyncImages\\Images\9992.jpg
-------

